                                      1 ;--------------------------------------------------------
                                      2 ; File Created by SDCC : free open source ISO C Compiler 
                                      3 ; Version 4.2.2 #13350 (MINGW64)
                                      4 ;--------------------------------------------------------
                                      5 	.module Eye
                                      6 	.optsdcc -msm83
                                      7 	
                                      8 ;--------------------------------------------------------
                                      9 ; Public variables in this module
                                     10 ;--------------------------------------------------------
                                     11 	.globl _EyeBeamYokoTile
                                     12 	.globl _EyeBeamTateTile
                                     13 	.globl _EyeBeamShot2Tile
                                     14 	.globl _EyeBeamShot1Tile
                                     15 	.globl _EyeRightTile
                                     16 	.globl _EyeRightFloatTile
                                     17 	.globl _EyeLeftTile
                                     18 	.globl _EyeLeftFloatTile
                                     19 	.globl _EyeUpTile
                                     20 	.globl _EyeUpFloatTile
                                     21 	.globl _EyeDownTile
                                     22 	.globl _EyeDownFloatTile
                                     23 	.globl _EyeShadowTile
                                     24 	.globl _EyeTileCGB
                                     25 ;--------------------------------------------------------
                                     26 ; special function registers
                                     27 ;--------------------------------------------------------
                                     28 ;--------------------------------------------------------
                                     29 ; ram data
                                     30 ;--------------------------------------------------------
                                     31 	.area _DATA
                                     32 ;--------------------------------------------------------
                                     33 ; ram data
                                     34 ;--------------------------------------------------------
                                     35 	.area _INITIALIZED
                                     36 ;--------------------------------------------------------
                                     37 ; absolute external ram data
                                     38 ;--------------------------------------------------------
                                     39 	.area _DABS (ABS)
                                     40 ;--------------------------------------------------------
                                     41 ; global & static initialisations
                                     42 ;--------------------------------------------------------
                                     43 	.area _HOME
                                     44 	.area _GSINIT
                                     45 	.area _GSFINAL
                                     46 	.area _GSINIT
                                     47 ;--------------------------------------------------------
                                     48 ; Home
                                     49 ;--------------------------------------------------------
                                     50 	.area _HOME
                                     51 	.area _HOME
                                     52 ;--------------------------------------------------------
                                     53 ; code
                                     54 ;--------------------------------------------------------
                                     55 	.area _CODE
                                     56 	.area _CODE
      000000                         57 _EyeTileCGB:
      000000 11                      58 	.db #0x11	; 17
      000001 11                      59 	.db #0x11	; 17
      000002 11                      60 	.db #0x11	; 17
      000003 11                      61 	.db #0x11	; 17
      000004 12                      62 	.db #0x12	; 18
      000005 22                      63 	.db #0x22	; 34
      000006 20                      64 	.db #0x20	; 32
      000007                         65 _EyeShadowTile:
      000007 00                      66 	.db #0x00	; 0
      000008 00                      67 	.db #0x00	; 0
      000009 00                      68 	.db #0x00	; 0
      00000A 00                      69 	.db #0x00	; 0
      00000B 00                      70 	.db #0x00	; 0
      00000C 00                      71 	.db #0x00	; 0
      00000D 00                      72 	.db #0x00	; 0
      00000E 00                      73 	.db #0x00	; 0
      00000F 00                      74 	.db #0x00	; 0
      000010 00                      75 	.db #0x00	; 0
      000011 00                      76 	.db #0x00	; 0
      000012 00                      77 	.db #0x00	; 0
      000013 00                      78 	.db #0x00	; 0
      000014 00                      79 	.db #0x00	; 0
      000015 00                      80 	.db #0x00	; 0
      000016 00                      81 	.db #0x00	; 0
      000017 00                      82 	.db #0x00	; 0
      000018 00                      83 	.db #0x00	; 0
      000019 00                      84 	.db #0x00	; 0
      00001A 00                      85 	.db #0x00	; 0
      00001B 00                      86 	.db #0x00	; 0
      00001C 00                      87 	.db #0x00	; 0
      00001D 0F                      88 	.db #0x0f	; 15
      00001E 0F                      89 	.db #0x0f	; 15
      00001F 3F                      90 	.db #0x3f	; 63
      000020 3F                      91 	.db #0x3f	; 63
      000021 FF                      92 	.db #0xff	; 255
      000022 FF                      93 	.db #0xff	; 255
      000023 3F                      94 	.db #0x3f	; 63
      000024 3F                      95 	.db #0x3f	; 63
      000025 0F                      96 	.db #0x0f	; 15
      000026 0F                      97 	.db #0x0f	; 15
      000027 00                      98 	.db #0x00	; 0
      000028 00                      99 	.db #0x00	; 0
      000029 00                     100 	.db #0x00	; 0
      00002A 00                     101 	.db #0x00	; 0
      00002B 00                     102 	.db #0x00	; 0
      00002C 00                     103 	.db #0x00	; 0
      00002D 00                     104 	.db #0x00	; 0
      00002E 00                     105 	.db #0x00	; 0
      00002F 00                     106 	.db #0x00	; 0
      000030 00                     107 	.db #0x00	; 0
      000031 00                     108 	.db #0x00	; 0
      000032 00                     109 	.db #0x00	; 0
      000033 00                     110 	.db #0x00	; 0
      000034 00                     111 	.db #0x00	; 0
      000035 00                     112 	.db #0x00	; 0
      000036 00                     113 	.db #0x00	; 0
      000037 00                     114 	.db #0x00	; 0
      000038 00                     115 	.db #0x00	; 0
      000039 00                     116 	.db #0x00	; 0
      00003A 00                     117 	.db #0x00	; 0
      00003B 00                     118 	.db #0x00	; 0
      00003C 00                     119 	.db #0x00	; 0
      00003D F0                     120 	.db #0xf0	; 240
      00003E F0                     121 	.db #0xf0	; 240
      00003F FC                     122 	.db #0xfc	; 252
      000040 FC                     123 	.db #0xfc	; 252
      000041 FF                     124 	.db #0xff	; 255
      000042 FF                     125 	.db #0xff	; 255
      000043 FC                     126 	.db #0xfc	; 252
      000044 FC                     127 	.db #0xfc	; 252
      000045 F0                     128 	.db #0xf0	; 240
      000046 F0                     129 	.db #0xf0	; 240
      000047                        130 _EyeDownFloatTile:
      000047 00                     131 	.db #0x00	; 0
      000048 00                     132 	.db #0x00	; 0
      000049 00                     133 	.db #0x00	; 0
      00004A 00                     134 	.db #0x00	; 0
      00004B 00                     135 	.db #0x00	; 0
      00004C 00                     136 	.db #0x00	; 0
      00004D 00                     137 	.db #0x00	; 0
      00004E 00                     138 	.db #0x00	; 0
      00004F 00                     139 	.db #0x00	; 0
      000050 00                     140 	.db #0x00	; 0
      000051 03                     141 	.db #0x03	; 3
      000052 03                     142 	.db #0x03	; 3
      000053 0C                     143 	.db #0x0c	; 12
      000054 0F                     144 	.db #0x0f	; 15
      000055 14                     145 	.db #0x14	; 20
      000056 1B                     146 	.db #0x1b	; 27
      000057 28                     147 	.db #0x28	; 40
      000058 37                     148 	.db #0x37	; 55	'7'
      000059 33                     149 	.db #0x33	; 51	'3'
      00005A 2F                     150 	.db #0x2f	; 47
      00005B 47                     151 	.db #0x47	; 71	'G'
      00005C 7C                     152 	.db #0x7c	; 124
      00005D 8E                     153 	.db #0x8e	; 142
      00005E F9                     154 	.db #0xf9	; 249
      00005F 8D                     155 	.db #0x8d	; 141
      000060 FB                     156 	.db #0xfb	; 251
      000061 FE                     157 	.db #0xfe	; 254
      000062 FF                     158 	.db #0xff	; 255
      000063 3F                     159 	.db #0x3f	; 63
      000064 3F                     160 	.db #0x3f	; 63
      000065 0F                     161 	.db #0x0f	; 15
      000066 0F                     162 	.db #0x0f	; 15
      000067 00                     163 	.db #0x00	; 0
      000068 00                     164 	.db #0x00	; 0
      000069 00                     165 	.db #0x00	; 0
      00006A 00                     166 	.db #0x00	; 0
      00006B 00                     167 	.db #0x00	; 0
      00006C 00                     168 	.db #0x00	; 0
      00006D 00                     169 	.db #0x00	; 0
      00006E 00                     170 	.db #0x00	; 0
      00006F 00                     171 	.db #0x00	; 0
      000070 00                     172 	.db #0x00	; 0
      000071 C0                     173 	.db #0xc0	; 192
      000072 C0                     174 	.db #0xc0	; 192
      000073 30                     175 	.db #0x30	; 48	'0'
      000074 F0                     176 	.db #0xf0	; 240
      000075 08                     177 	.db #0x08	; 8
      000076 F8                     178 	.db #0xf8	; 248
      000077 04                     179 	.db #0x04	; 4
      000078 FC                     180 	.db #0xfc	; 252
      000079 C4                     181 	.db #0xc4	; 196
      00007A FC                     182 	.db #0xfc	; 252
      00007B E2                     183 	.db #0xe2	; 226
      00007C 3E                     184 	.db #0x3e	; 62
      00007D 71                     185 	.db #0x71	; 113	'q'
      00007E 9F                     186 	.db #0x9f	; 159
      00007F B1                     187 	.db #0xb1	; 177
      000080 DF                     188 	.db #0xdf	; 223
      000081 7F                     189 	.db #0x7f	; 127
      000082 FF                     190 	.db #0xff	; 255
      000083 FC                     191 	.db #0xfc	; 252
      000084 FC                     192 	.db #0xfc	; 252
      000085 F0                     193 	.db #0xf0	; 240
      000086 F0                     194 	.db #0xf0	; 240
      000087                        195 _EyeDownTile:
      000087 03                     196 	.db #0x03	; 3
      000088 03                     197 	.db #0x03	; 3
      000089 0C                     198 	.db #0x0c	; 12
      00008A 0F                     199 	.db #0x0f	; 15
      00008B 14                     200 	.db #0x14	; 20
      00008C 1B                     201 	.db #0x1b	; 27
      00008D 28                     202 	.db #0x28	; 40
      00008E 37                     203 	.db #0x37	; 55	'7'
      00008F 33                     204 	.db #0x33	; 51	'3'
      000090 2F                     205 	.db #0x2f	; 47
      000091 47                     206 	.db #0x47	; 71	'G'
      000092 7C                     207 	.db #0x7c	; 124
      000093 8E                     208 	.db #0x8e	; 142
      000094 F9                     209 	.db #0xf9	; 249
      000095 8D                     210 	.db #0x8d	; 141
      000096 FB                     211 	.db #0xfb	; 251
      000097 8D                     212 	.db #0x8d	; 141
      000098 FB                     213 	.db #0xfb	; 251
      000099 8E                     214 	.db #0x8e	; 142
      00009A F9                     215 	.db #0xf9	; 249
      00009B 47                     216 	.db #0x47	; 71	'G'
      00009C 7C                     217 	.db #0x7c	; 124
      00009D 23                     218 	.db #0x23	; 35
      00009E 3F                     219 	.db #0x3f	; 63
      00009F 20                     220 	.db #0x20	; 32
      0000A0 3F                     221 	.db #0x3f	; 63
      0000A1 10                     222 	.db #0x10	; 16
      0000A2 1F                     223 	.db #0x1f	; 31
      0000A3 0C                     224 	.db #0x0c	; 12
      0000A4 0F                     225 	.db #0x0f	; 15
      0000A5 7F                     226 	.db #0x7f	; 127
      0000A6 7F                     227 	.db #0x7f	; 127
      0000A7 C0                     228 	.db #0xc0	; 192
      0000A8 C0                     229 	.db #0xc0	; 192
      0000A9 30                     230 	.db #0x30	; 48	'0'
      0000AA F0                     231 	.db #0xf0	; 240
      0000AB 08                     232 	.db #0x08	; 8
      0000AC F8                     233 	.db #0xf8	; 248
      0000AD 04                     234 	.db #0x04	; 4
      0000AE FC                     235 	.db #0xfc	; 252
      0000AF C4                     236 	.db #0xc4	; 196
      0000B0 FC                     237 	.db #0xfc	; 252
      0000B1 E2                     238 	.db #0xe2	; 226
      0000B2 3E                     239 	.db #0x3e	; 62
      0000B3 71                     240 	.db #0x71	; 113	'q'
      0000B4 9F                     241 	.db #0x9f	; 159
      0000B5 B1                     242 	.db #0xb1	; 177
      0000B6 DF                     243 	.db #0xdf	; 223
      0000B7 B1                     244 	.db #0xb1	; 177
      0000B8 DF                     245 	.db #0xdf	; 223
      0000B9 71                     246 	.db #0x71	; 113	'q'
      0000BA 9F                     247 	.db #0x9f	; 159
      0000BB E2                     248 	.db #0xe2	; 226
      0000BC 3E                     249 	.db #0x3e	; 62
      0000BD C4                     250 	.db #0xc4	; 196
      0000BE FC                     251 	.db #0xfc	; 252
      0000BF 04                     252 	.db #0x04	; 4
      0000C0 FC                     253 	.db #0xfc	; 252
      0000C1 08                     254 	.db #0x08	; 8
      0000C2 F8                     255 	.db #0xf8	; 248
      0000C3 30                     256 	.db #0x30	; 48	'0'
      0000C4 F0                     257 	.db #0xf0	; 240
      0000C5 FE                     258 	.db #0xfe	; 254
      0000C6 FE                     259 	.db #0xfe	; 254
      0000C7                        260 _EyeUpFloatTile:
      0000C7 00                     261 	.db #0x00	; 0
      0000C8 00                     262 	.db #0x00	; 0
      0000C9 00                     263 	.db #0x00	; 0
      0000CA 00                     264 	.db #0x00	; 0
      0000CB 00                     265 	.db #0x00	; 0
      0000CC 00                     266 	.db #0x00	; 0
      0000CD 00                     267 	.db #0x00	; 0
      0000CE 00                     268 	.db #0x00	; 0
      0000CF 00                     269 	.db #0x00	; 0
      0000D0 00                     270 	.db #0x00	; 0
      0000D1 03                     271 	.db #0x03	; 3
      0000D2 03                     272 	.db #0x03	; 3
      0000D3 0C                     273 	.db #0x0c	; 12
      0000D4 0F                     274 	.db #0x0f	; 15
      0000D5 14                     275 	.db #0x14	; 20
      0000D6 1B                     276 	.db #0x1b	; 27
      0000D7 28                     277 	.db #0x28	; 40
      0000D8 37                     278 	.db #0x37	; 55	'7'
      0000D9 30                     279 	.db #0x30	; 48	'0'
      0000DA 2F                     280 	.db #0x2f	; 47
      0000DB 40                     281 	.db #0x40	; 64
      0000DC 7F                     282 	.db #0x7f	; 127
      0000DD 80                     283 	.db #0x80	; 128
      0000DE FF                     284 	.db #0xff	; 255
      0000DF 80                     285 	.db #0x80	; 128
      0000E0 FF                     286 	.db #0xff	; 255
      0000E1 FF                     287 	.db #0xff	; 255
      0000E2 FF                     288 	.db #0xff	; 255
      0000E3 3F                     289 	.db #0x3f	; 63
      0000E4 3F                     290 	.db #0x3f	; 63
      0000E5 0F                     291 	.db #0x0f	; 15
      0000E6 0F                     292 	.db #0x0f	; 15
      0000E7 00                     293 	.db #0x00	; 0
      0000E8 00                     294 	.db #0x00	; 0
      0000E9 00                     295 	.db #0x00	; 0
      0000EA 00                     296 	.db #0x00	; 0
      0000EB 00                     297 	.db #0x00	; 0
      0000EC 00                     298 	.db #0x00	; 0
      0000ED 00                     299 	.db #0x00	; 0
      0000EE 00                     300 	.db #0x00	; 0
      0000EF 00                     301 	.db #0x00	; 0
      0000F0 00                     302 	.db #0x00	; 0
      0000F1 C0                     303 	.db #0xc0	; 192
      0000F2 C0                     304 	.db #0xc0	; 192
      0000F3 30                     305 	.db #0x30	; 48	'0'
      0000F4 F0                     306 	.db #0xf0	; 240
      0000F5 08                     307 	.db #0x08	; 8
      0000F6 F8                     308 	.db #0xf8	; 248
      0000F7 04                     309 	.db #0x04	; 4
      0000F8 FC                     310 	.db #0xfc	; 252
      0000F9 04                     311 	.db #0x04	; 4
      0000FA FC                     312 	.db #0xfc	; 252
      0000FB 02                     313 	.db #0x02	; 2
      0000FC FE                     314 	.db #0xfe	; 254
      0000FD 01                     315 	.db #0x01	; 1
      0000FE FF                     316 	.db #0xff	; 255
      0000FF 01                     317 	.db #0x01	; 1
      000100 FF                     318 	.db #0xff	; 255
      000101 FF                     319 	.db #0xff	; 255
      000102 FF                     320 	.db #0xff	; 255
      000103 FC                     321 	.db #0xfc	; 252
      000104 FC                     322 	.db #0xfc	; 252
      000105 F0                     323 	.db #0xf0	; 240
      000106 F0                     324 	.db #0xf0	; 240
      000107                        325 _EyeUpTile:
      000107 03                     326 	.db #0x03	; 3
      000108 03                     327 	.db #0x03	; 3
      000109 0C                     328 	.db #0x0c	; 12
      00010A 0F                     329 	.db #0x0f	; 15
      00010B 12                     330 	.db #0x12	; 18
      00010C 1D                     331 	.db #0x1d	; 29
      00010D 24                     332 	.db #0x24	; 36
      00010E 3B                     333 	.db #0x3b	; 59
      00010F 28                     334 	.db #0x28	; 40
      000110 37                     335 	.db #0x37	; 55	'7'
      000111 50                     336 	.db #0x50	; 80	'P'
      000112 6F                     337 	.db #0x6f	; 111	'o'
      000113 80                     338 	.db #0x80	; 128
      000114 FF                     339 	.db #0xff	; 255
      000115 80                     340 	.db #0x80	; 128
      000116 FF                     341 	.db #0xff	; 255
      000117 80                     342 	.db #0x80	; 128
      000118 FF                     343 	.db #0xff	; 255
      000119 80                     344 	.db #0x80	; 128
      00011A FF                     345 	.db #0xff	; 255
      00011B 40                     346 	.db #0x40	; 64
      00011C 7F                     347 	.db #0x7f	; 127
      00011D 20                     348 	.db #0x20	; 32
      00011E 3F                     349 	.db #0x3f	; 63
      00011F 20                     350 	.db #0x20	; 32
      000120 3F                     351 	.db #0x3f	; 63
      000121 10                     352 	.db #0x10	; 16
      000122 1F                     353 	.db #0x1f	; 31
      000123 0C                     354 	.db #0x0c	; 12
      000124 0F                     355 	.db #0x0f	; 15
      000125 7F                     356 	.db #0x7f	; 127
      000126 7F                     357 	.db #0x7f	; 127
      000127 C0                     358 	.db #0xc0	; 192
      000128 C0                     359 	.db #0xc0	; 192
      000129 30                     360 	.db #0x30	; 48	'0'
      00012A F0                     361 	.db #0xf0	; 240
      00012B 08                     362 	.db #0x08	; 8
      00012C F8                     363 	.db #0xf8	; 248
      00012D 04                     364 	.db #0x04	; 4
      00012E FC                     365 	.db #0xfc	; 252
      00012F 04                     366 	.db #0x04	; 4
      000130 FC                     367 	.db #0xfc	; 252
      000131 02                     368 	.db #0x02	; 2
      000132 FE                     369 	.db #0xfe	; 254
      000133 01                     370 	.db #0x01	; 1
      000134 FF                     371 	.db #0xff	; 255
      000135 01                     372 	.db #0x01	; 1
      000136 FF                     373 	.db #0xff	; 255
      000137 01                     374 	.db #0x01	; 1
      000138 FF                     375 	.db #0xff	; 255
      000139 01                     376 	.db #0x01	; 1
      00013A FF                     377 	.db #0xff	; 255
      00013B 02                     378 	.db #0x02	; 2
      00013C FE                     379 	.db #0xfe	; 254
      00013D 04                     380 	.db #0x04	; 4
      00013E FC                     381 	.db #0xfc	; 252
      00013F 04                     382 	.db #0x04	; 4
      000140 FC                     383 	.db #0xfc	; 252
      000141 08                     384 	.db #0x08	; 8
      000142 F8                     385 	.db #0xf8	; 248
      000143 30                     386 	.db #0x30	; 48	'0'
      000144 F0                     387 	.db #0xf0	; 240
      000145 FE                     388 	.db #0xfe	; 254
      000146 FE                     389 	.db #0xfe	; 254
      000147                        390 _EyeLeftFloatTile:
      000147 00                     391 	.db #0x00	; 0
      000148 00                     392 	.db #0x00	; 0
      000149 00                     393 	.db #0x00	; 0
      00014A 00                     394 	.db #0x00	; 0
      00014B 00                     395 	.db #0x00	; 0
      00014C 00                     396 	.db #0x00	; 0
      00014D 00                     397 	.db #0x00	; 0
      00014E 00                     398 	.db #0x00	; 0
      00014F 00                     399 	.db #0x00	; 0
      000150 00                     400 	.db #0x00	; 0
      000151 03                     401 	.db #0x03	; 3
      000152 03                     402 	.db #0x03	; 3
      000153 0C                     403 	.db #0x0c	; 12
      000154 0F                     404 	.db #0x0f	; 15
      000155 10                     405 	.db #0x10	; 16
      000156 1F                     406 	.db #0x1f	; 31
      000157 20                     407 	.db #0x20	; 32
      000158 3F                     408 	.db #0x3f	; 63
      000159 30                     409 	.db #0x30	; 48	'0'
      00015A 3F                     410 	.db #0x3f	; 63
      00015B 78                     411 	.db #0x78	; 120	'x'
      00015C 4F                     412 	.db #0x4f	; 79	'O'
      00015D BC                     413 	.db #0xbc	; 188
      00015E C7                     414 	.db #0xc7	; 199
      00015F 9C                     415 	.db #0x9c	; 156
      000160 E7                     416 	.db #0xe7	; 231
      000161 FF                     417 	.db #0xff	; 255
      000162 FF                     418 	.db #0xff	; 255
      000163 3F                     419 	.db #0x3f	; 63
      000164 3F                     420 	.db #0x3f	; 63
      000165 0F                     421 	.db #0x0f	; 15
      000166 0F                     422 	.db #0x0f	; 15
      000167 00                     423 	.db #0x00	; 0
      000168 00                     424 	.db #0x00	; 0
      000169 00                     425 	.db #0x00	; 0
      00016A 00                     426 	.db #0x00	; 0
      00016B 00                     427 	.db #0x00	; 0
      00016C 00                     428 	.db #0x00	; 0
      00016D 00                     429 	.db #0x00	; 0
      00016E 00                     430 	.db #0x00	; 0
      00016F 00                     431 	.db #0x00	; 0
      000170 00                     432 	.db #0x00	; 0
      000171 C0                     433 	.db #0xc0	; 192
      000172 C0                     434 	.db #0xc0	; 192
      000173 30                     435 	.db #0x30	; 48	'0'
      000174 F0                     436 	.db #0xf0	; 240
      000175 08                     437 	.db #0x08	; 8
      000176 F8                     438 	.db #0xf8	; 248
      000177 24                     439 	.db #0x24	; 36
      000178 DC                     440 	.db #0xdc	; 220
      000179 14                     441 	.db #0x14	; 20
      00017A EC                     442 	.db #0xec	; 236
      00017B 0A                     443 	.db #0x0a	; 10
      00017C F6                     444 	.db #0xf6	; 246
      00017D 05                     445 	.db #0x05	; 5
      00017E FB                     446 	.db #0xfb	; 251
      00017F 01                     447 	.db #0x01	; 1
      000180 FF                     448 	.db #0xff	; 255
      000181 FF                     449 	.db #0xff	; 255
      000182 FF                     450 	.db #0xff	; 255
      000183 FC                     451 	.db #0xfc	; 252
      000184 FC                     452 	.db #0xfc	; 252
      000185 F0                     453 	.db #0xf0	; 240
      000186 F0                     454 	.db #0xf0	; 240
      000187                        455 _EyeLeftTile:
      000187 03                     456 	.db #0x03	; 3
      000188 03                     457 	.db #0x03	; 3
      000189 0C                     458 	.db #0x0c	; 12
      00018A 0F                     459 	.db #0x0f	; 15
      00018B 10                     460 	.db #0x10	; 16
      00018C 1F                     461 	.db #0x1f	; 31
      00018D 20                     462 	.db #0x20	; 32
      00018E 3F                     463 	.db #0x3f	; 63
      00018F 30                     464 	.db #0x30	; 48	'0'
      000190 3F                     465 	.db #0x3f	; 63
      000191 78                     466 	.db #0x78	; 120	'x'
      000192 4F                     467 	.db #0x4f	; 79	'O'
      000193 BC                     468 	.db #0xbc	; 188
      000194 C7                     469 	.db #0xc7	; 199
      000195 9C                     470 	.db #0x9c	; 156
      000196 E7                     471 	.db #0xe7	; 231
      000197 9C                     472 	.db #0x9c	; 156
      000198 E7                     473 	.db #0xe7	; 231
      000199 BC                     474 	.db #0xbc	; 188
      00019A C7                     475 	.db #0xc7	; 199
      00019B 78                     476 	.db #0x78	; 120	'x'
      00019C 4F                     477 	.db #0x4f	; 79	'O'
      00019D 30                     478 	.db #0x30	; 48	'0'
      00019E 3F                     479 	.db #0x3f	; 63
      00019F 20                     480 	.db #0x20	; 32
      0001A0 3F                     481 	.db #0x3f	; 63
      0001A1 10                     482 	.db #0x10	; 16
      0001A2 1F                     483 	.db #0x1f	; 31
      0001A3 0C                     484 	.db #0x0c	; 12
      0001A4 0F                     485 	.db #0x0f	; 15
      0001A5 7F                     486 	.db #0x7f	; 127
      0001A6 7F                     487 	.db #0x7f	; 127
      0001A7 C0                     488 	.db #0xc0	; 192
      0001A8 C0                     489 	.db #0xc0	; 192
      0001A9 30                     490 	.db #0x30	; 48	'0'
      0001AA F0                     491 	.db #0xf0	; 240
      0001AB 08                     492 	.db #0x08	; 8
      0001AC F8                     493 	.db #0xf8	; 248
      0001AD 24                     494 	.db #0x24	; 36
      0001AE DC                     495 	.db #0xdc	; 220
      0001AF 14                     496 	.db #0x14	; 20
      0001B0 EC                     497 	.db #0xec	; 236
      0001B1 0A                     498 	.db #0x0a	; 10
      0001B2 F6                     499 	.db #0xf6	; 246
      0001B3 05                     500 	.db #0x05	; 5
      0001B4 FB                     501 	.db #0xfb	; 251
      0001B5 01                     502 	.db #0x01	; 1
      0001B6 FF                     503 	.db #0xff	; 255
      0001B7 01                     504 	.db #0x01	; 1
      0001B8 FF                     505 	.db #0xff	; 255
      0001B9 01                     506 	.db #0x01	; 1
      0001BA FF                     507 	.db #0xff	; 255
      0001BB 02                     508 	.db #0x02	; 2
      0001BC FE                     509 	.db #0xfe	; 254
      0001BD 04                     510 	.db #0x04	; 4
      0001BE FC                     511 	.db #0xfc	; 252
      0001BF 04                     512 	.db #0x04	; 4
      0001C0 FC                     513 	.db #0xfc	; 252
      0001C1 08                     514 	.db #0x08	; 8
      0001C2 F8                     515 	.db #0xf8	; 248
      0001C3 30                     516 	.db #0x30	; 48	'0'
      0001C4 F0                     517 	.db #0xf0	; 240
      0001C5 FE                     518 	.db #0xfe	; 254
      0001C6 FE                     519 	.db #0xfe	; 254
      0001C7                        520 _EyeRightFloatTile:
      0001C7 00                     521 	.db #0x00	; 0
      0001C8 00                     522 	.db #0x00	; 0
      0001C9 00                     523 	.db #0x00	; 0
      0001CA 00                     524 	.db #0x00	; 0
      0001CB 00                     525 	.db #0x00	; 0
      0001CC 00                     526 	.db #0x00	; 0
      0001CD 00                     527 	.db #0x00	; 0
      0001CE 00                     528 	.db #0x00	; 0
      0001CF 00                     529 	.db #0x00	; 0
      0001D0 00                     530 	.db #0x00	; 0
      0001D1 03                     531 	.db #0x03	; 3
      0001D2 03                     532 	.db #0x03	; 3
      0001D3 0C                     533 	.db #0x0c	; 12
      0001D4 0F                     534 	.db #0x0f	; 15
      0001D5 10                     535 	.db #0x10	; 16
      0001D6 1F                     536 	.db #0x1f	; 31
      0001D7 24                     537 	.db #0x24	; 36
      0001D8 3B                     538 	.db #0x3b	; 59
      0001D9 28                     539 	.db #0x28	; 40
      0001DA 37                     540 	.db #0x37	; 55	'7'
      0001DB 50                     541 	.db #0x50	; 80	'P'
      0001DC 6F                     542 	.db #0x6f	; 111	'o'
      0001DD A0                     543 	.db #0xa0	; 160
      0001DE DF                     544 	.db #0xdf	; 223
      0001DF 80                     545 	.db #0x80	; 128
      0001E0 FF                     546 	.db #0xff	; 255
      0001E1 FF                     547 	.db #0xff	; 255
      0001E2 FF                     548 	.db #0xff	; 255
      0001E3 3F                     549 	.db #0x3f	; 63
      0001E4 3F                     550 	.db #0x3f	; 63
      0001E5 0F                     551 	.db #0x0f	; 15
      0001E6 0F                     552 	.db #0x0f	; 15
      0001E7 00                     553 	.db #0x00	; 0
      0001E8 00                     554 	.db #0x00	; 0
      0001E9 00                     555 	.db #0x00	; 0
      0001EA 00                     556 	.db #0x00	; 0
      0001EB 00                     557 	.db #0x00	; 0
      0001EC 00                     558 	.db #0x00	; 0
      0001ED 00                     559 	.db #0x00	; 0
      0001EE 00                     560 	.db #0x00	; 0
      0001EF 00                     561 	.db #0x00	; 0
      0001F0 00                     562 	.db #0x00	; 0
      0001F1 C0                     563 	.db #0xc0	; 192
      0001F2 C0                     564 	.db #0xc0	; 192
      0001F3 30                     565 	.db #0x30	; 48	'0'
      0001F4 F0                     566 	.db #0xf0	; 240
      0001F5 08                     567 	.db #0x08	; 8
      0001F6 F8                     568 	.db #0xf8	; 248
      0001F7 04                     569 	.db #0x04	; 4
      0001F8 FC                     570 	.db #0xfc	; 252
      0001F9 0C                     571 	.db #0x0c	; 12
      0001FA FC                     572 	.db #0xfc	; 252
      0001FB 1E                     573 	.db #0x1e	; 30
      0001FC F2                     574 	.db #0xf2	; 242
      0001FD 3D                     575 	.db #0x3d	; 61
      0001FE E3                     576 	.db #0xe3	; 227
      0001FF 39                     577 	.db #0x39	; 57	'9'
      000200 E7                     578 	.db #0xe7	; 231
      000201 FF                     579 	.db #0xff	; 255
      000202 FF                     580 	.db #0xff	; 255
      000203 FC                     581 	.db #0xfc	; 252
      000204 FC                     582 	.db #0xfc	; 252
      000205 F0                     583 	.db #0xf0	; 240
      000206 F0                     584 	.db #0xf0	; 240
      000207                        585 _EyeRightTile:
      000207 03                     586 	.db #0x03	; 3
      000208 03                     587 	.db #0x03	; 3
      000209 0C                     588 	.db #0x0c	; 12
      00020A 0F                     589 	.db #0x0f	; 15
      00020B 10                     590 	.db #0x10	; 16
      00020C 1F                     591 	.db #0x1f	; 31
      00020D 24                     592 	.db #0x24	; 36
      00020E 3B                     593 	.db #0x3b	; 59
      00020F 28                     594 	.db #0x28	; 40
      000210 37                     595 	.db #0x37	; 55	'7'
      000211 50                     596 	.db #0x50	; 80	'P'
      000212 6F                     597 	.db #0x6f	; 111	'o'
      000213 A0                     598 	.db #0xa0	; 160
      000214 DF                     599 	.db #0xdf	; 223
      000215 80                     600 	.db #0x80	; 128
      000216 FF                     601 	.db #0xff	; 255
      000217 80                     602 	.db #0x80	; 128
      000218 FF                     603 	.db #0xff	; 255
      000219 80                     604 	.db #0x80	; 128
      00021A FF                     605 	.db #0xff	; 255
      00021B 40                     606 	.db #0x40	; 64
      00021C 7F                     607 	.db #0x7f	; 127
      00021D 20                     608 	.db #0x20	; 32
      00021E 3F                     609 	.db #0x3f	; 63
      00021F 20                     610 	.db #0x20	; 32
      000220 3F                     611 	.db #0x3f	; 63
      000221 10                     612 	.db #0x10	; 16
      000222 1F                     613 	.db #0x1f	; 31
      000223 0C                     614 	.db #0x0c	; 12
      000224 0F                     615 	.db #0x0f	; 15
      000225 7F                     616 	.db #0x7f	; 127
      000226 7F                     617 	.db #0x7f	; 127
      000227 C0                     618 	.db #0xc0	; 192
      000228 C0                     619 	.db #0xc0	; 192
      000229 30                     620 	.db #0x30	; 48	'0'
      00022A F0                     621 	.db #0xf0	; 240
      00022B 08                     622 	.db #0x08	; 8
      00022C F8                     623 	.db #0xf8	; 248
      00022D 04                     624 	.db #0x04	; 4
      00022E FC                     625 	.db #0xfc	; 252
      00022F 0C                     626 	.db #0x0c	; 12
      000230 FC                     627 	.db #0xfc	; 252
      000231 1E                     628 	.db #0x1e	; 30
      000232 F2                     629 	.db #0xf2	; 242
      000233 3D                     630 	.db #0x3d	; 61
      000234 E3                     631 	.db #0xe3	; 227
      000235 39                     632 	.db #0x39	; 57	'9'
      000236 E7                     633 	.db #0xe7	; 231
      000237 39                     634 	.db #0x39	; 57	'9'
      000238 E7                     635 	.db #0xe7	; 231
      000239 3D                     636 	.db #0x3d	; 61
      00023A E3                     637 	.db #0xe3	; 227
      00023B 1E                     638 	.db #0x1e	; 30
      00023C F2                     639 	.db #0xf2	; 242
      00023D 0C                     640 	.db #0x0c	; 12
      00023E FC                     641 	.db #0xfc	; 252
      00023F 04                     642 	.db #0x04	; 4
      000240 FC                     643 	.db #0xfc	; 252
      000241 08                     644 	.db #0x08	; 8
      000242 F8                     645 	.db #0xf8	; 248
      000243 30                     646 	.db #0x30	; 48	'0'
      000244 F0                     647 	.db #0xf0	; 240
      000245 FE                     648 	.db #0xfe	; 254
      000246 FE                     649 	.db #0xfe	; 254
      000247                        650 _EyeBeamShot1Tile:
      000247 00                     651 	.db #0x00	; 0
      000248 00                     652 	.db #0x00	; 0
      000249 00                     653 	.db #0x00	; 0
      00024A 00                     654 	.db #0x00	; 0
      00024B 00                     655 	.db #0x00	; 0
      00024C 00                     656 	.db #0x00	; 0
      00024D 00                     657 	.db #0x00	; 0
      00024E 00                     658 	.db #0x00	; 0
      00024F 0C                     659 	.db #0x0c	; 12
      000250 04                     660 	.db #0x04	; 4
      000251 0A                     661 	.db #0x0a	; 10
      000252 0E                     662 	.db #0x0e	; 14
      000253 07                     663 	.db #0x07	; 7
      000254 05                     664 	.db #0x05	; 5
      000255 02                     665 	.db #0x02	; 2
      000256 03                     666 	.db #0x03	; 3
      000257 03                     667 	.db #0x03	; 3
      000258 02                     668 	.db #0x02	; 2
      000259 05                     669 	.db #0x05	; 5
      00025A 07                     670 	.db #0x07	; 7
      00025B 0E                     671 	.db #0x0e	; 14
      00025C 0A                     672 	.db #0x0a	; 10
      00025D 04                     673 	.db #0x04	; 4
      00025E 0C                     674 	.db #0x0c	; 12
      00025F 00                     675 	.db #0x00	; 0
      000260 00                     676 	.db #0x00	; 0
      000261 00                     677 	.db #0x00	; 0
      000262 00                     678 	.db #0x00	; 0
      000263 00                     679 	.db #0x00	; 0
      000264 00                     680 	.db #0x00	; 0
      000265 00                     681 	.db #0x00	; 0
      000266 00                     682 	.db #0x00	; 0
      000267 00                     683 	.db #0x00	; 0
      000268 00                     684 	.db #0x00	; 0
      000269 00                     685 	.db #0x00	; 0
      00026A 00                     686 	.db #0x00	; 0
      00026B 00                     687 	.db #0x00	; 0
      00026C 00                     688 	.db #0x00	; 0
      00026D 00                     689 	.db #0x00	; 0
      00026E 00                     690 	.db #0x00	; 0
      00026F 30                     691 	.db #0x30	; 48	'0'
      000270 20                     692 	.db #0x20	; 32
      000271 50                     693 	.db #0x50	; 80	'P'
      000272 70                     694 	.db #0x70	; 112	'p'
      000273 E0                     695 	.db #0xe0	; 224
      000274 A0                     696 	.db #0xa0	; 160
      000275 C0                     697 	.db #0xc0	; 192
      000276 40                     698 	.db #0x40	; 64
      000277 40                     699 	.db #0x40	; 64
      000278 C0                     700 	.db #0xc0	; 192
      000279 A0                     701 	.db #0xa0	; 160
      00027A E0                     702 	.db #0xe0	; 224
      00027B 70                     703 	.db #0x70	; 112	'p'
      00027C 50                     704 	.db #0x50	; 80	'P'
      00027D 20                     705 	.db #0x20	; 32
      00027E 30                     706 	.db #0x30	; 48	'0'
      00027F 00                     707 	.db #0x00	; 0
      000280 00                     708 	.db #0x00	; 0
      000281 00                     709 	.db #0x00	; 0
      000282 00                     710 	.db #0x00	; 0
      000283 00                     711 	.db #0x00	; 0
      000284 00                     712 	.db #0x00	; 0
      000285 00                     713 	.db #0x00	; 0
      000286 00                     714 	.db #0x00	; 0
      000287                        715 _EyeBeamShot2Tile:
      000287 40                     716 	.db #0x40	; 64
      000288 C0                     717 	.db #0xc0	; 192
      000289 E0                     718 	.db #0xe0	; 224
      00028A A0                     719 	.db #0xa0	; 160
      00028B 50                     720 	.db #0x50	; 80	'P'
      00028C 70                     721 	.db #0x70	; 112	'p'
      00028D 38                     722 	.db #0x38	; 56	'8'
      00028E 28                     723 	.db #0x28	; 40
      00028F 14                     724 	.db #0x14	; 20
      000290 1C                     725 	.db #0x1c	; 28
      000291 0E                     726 	.db #0x0e	; 14
      000292 0A                     727 	.db #0x0a	; 10
      000293 05                     728 	.db #0x05	; 5
      000294 07                     729 	.db #0x07	; 7
      000295 03                     730 	.db #0x03	; 3
      000296 02                     731 	.db #0x02	; 2
      000297 02                     732 	.db #0x02	; 2
      000298 03                     733 	.db #0x03	; 3
      000299 07                     734 	.db #0x07	; 7
      00029A 05                     735 	.db #0x05	; 5
      00029B 0A                     736 	.db #0x0a	; 10
      00029C 0E                     737 	.db #0x0e	; 14
      00029D 1C                     738 	.db #0x1c	; 28
      00029E 14                     739 	.db #0x14	; 20
      00029F 28                     740 	.db #0x28	; 40
      0002A0 38                     741 	.db #0x38	; 56	'8'
      0002A1 70                     742 	.db #0x70	; 112	'p'
      0002A2 50                     743 	.db #0x50	; 80	'P'
      0002A3 A0                     744 	.db #0xa0	; 160
      0002A4 E0                     745 	.db #0xe0	; 224
      0002A5 C0                     746 	.db #0xc0	; 192
      0002A6 40                     747 	.db #0x40	; 64
      0002A7 02                     748 	.db #0x02	; 2
      0002A8 03                     749 	.db #0x03	; 3
      0002A9 07                     750 	.db #0x07	; 7
      0002AA 05                     751 	.db #0x05	; 5
      0002AB 0A                     752 	.db #0x0a	; 10
      0002AC 0E                     753 	.db #0x0e	; 14
      0002AD 1C                     754 	.db #0x1c	; 28
      0002AE 14                     755 	.db #0x14	; 20
      0002AF 28                     756 	.db #0x28	; 40
      0002B0 38                     757 	.db #0x38	; 56	'8'
      0002B1 70                     758 	.db #0x70	; 112	'p'
      0002B2 50                     759 	.db #0x50	; 80	'P'
      0002B3 A0                     760 	.db #0xa0	; 160
      0002B4 E0                     761 	.db #0xe0	; 224
      0002B5 40                     762 	.db #0x40	; 64
      0002B6 C0                     763 	.db #0xc0	; 192
      0002B7 C0                     764 	.db #0xc0	; 192
      0002B8 40                     765 	.db #0x40	; 64
      0002B9 E0                     766 	.db #0xe0	; 224
      0002BA A0                     767 	.db #0xa0	; 160
      0002BB 50                     768 	.db #0x50	; 80	'P'
      0002BC 70                     769 	.db #0x70	; 112	'p'
      0002BD 38                     770 	.db #0x38	; 56	'8'
      0002BE 28                     771 	.db #0x28	; 40
      0002BF 14                     772 	.db #0x14	; 20
      0002C0 1C                     773 	.db #0x1c	; 28
      0002C1 0E                     774 	.db #0x0e	; 14
      0002C2 0A                     775 	.db #0x0a	; 10
      0002C3 05                     776 	.db #0x05	; 5
      0002C4 07                     777 	.db #0x07	; 7
      0002C5 03                     778 	.db #0x03	; 3
      0002C6 02                     779 	.db #0x02	; 2
      0002C7                        780 _EyeBeamTateTile:
      0002C7 01                     781 	.db #0x01	; 1
      0002C8 01                     782 	.db #0x01	; 1
      0002C9 02                     783 	.db #0x02	; 2
      0002CA 03                     784 	.db #0x03	; 3
      0002CB 02                     785 	.db #0x02	; 2
      0002CC 03                     786 	.db #0x03	; 3
      0002CD 02                     787 	.db #0x02	; 2
      0002CE 03                     788 	.db #0x03	; 3
      0002CF 02                     789 	.db #0x02	; 2
      0002D0 03                     790 	.db #0x03	; 3
      0002D1 02                     791 	.db #0x02	; 2
      0002D2 03                     792 	.db #0x03	; 3
      0002D3 02                     793 	.db #0x02	; 2
      0002D4 03                     794 	.db #0x03	; 3
      0002D5 02                     795 	.db #0x02	; 2
      0002D6 03                     796 	.db #0x03	; 3
      0002D7 02                     797 	.db #0x02	; 2
      0002D8 03                     798 	.db #0x03	; 3
      0002D9 02                     799 	.db #0x02	; 2
      0002DA 03                     800 	.db #0x03	; 3
      0002DB 02                     801 	.db #0x02	; 2
      0002DC 03                     802 	.db #0x03	; 3
      0002DD 02                     803 	.db #0x02	; 2
      0002DE 03                     804 	.db #0x03	; 3
      0002DF 02                     805 	.db #0x02	; 2
      0002E0 03                     806 	.db #0x03	; 3
      0002E1 02                     807 	.db #0x02	; 2
      0002E2 03                     808 	.db #0x03	; 3
      0002E3 02                     809 	.db #0x02	; 2
      0002E4 03                     810 	.db #0x03	; 3
      0002E5 01                     811 	.db #0x01	; 1
      0002E6 01                     812 	.db #0x01	; 1
      0002E7 80                     813 	.db #0x80	; 128
      0002E8 80                     814 	.db #0x80	; 128
      0002E9 C0                     815 	.db #0xc0	; 192
      0002EA 40                     816 	.db #0x40	; 64
      0002EB C0                     817 	.db #0xc0	; 192
      0002EC 40                     818 	.db #0x40	; 64
      0002ED C0                     819 	.db #0xc0	; 192
      0002EE 40                     820 	.db #0x40	; 64
      0002EF C0                     821 	.db #0xc0	; 192
      0002F0 40                     822 	.db #0x40	; 64
      0002F1 C0                     823 	.db #0xc0	; 192
      0002F2 40                     824 	.db #0x40	; 64
      0002F3 C0                     825 	.db #0xc0	; 192
      0002F4 40                     826 	.db #0x40	; 64
      0002F5 C0                     827 	.db #0xc0	; 192
      0002F6 40                     828 	.db #0x40	; 64
      0002F7 C0                     829 	.db #0xc0	; 192
      0002F8 40                     830 	.db #0x40	; 64
      0002F9 C0                     831 	.db #0xc0	; 192
      0002FA 40                     832 	.db #0x40	; 64
      0002FB C0                     833 	.db #0xc0	; 192
      0002FC 40                     834 	.db #0x40	; 64
      0002FD C0                     835 	.db #0xc0	; 192
      0002FE 40                     836 	.db #0x40	; 64
      0002FF C0                     837 	.db #0xc0	; 192
      000300 40                     838 	.db #0x40	; 64
      000301 C0                     839 	.db #0xc0	; 192
      000302 40                     840 	.db #0x40	; 64
      000303 C0                     841 	.db #0xc0	; 192
      000304 40                     842 	.db #0x40	; 64
      000305 80                     843 	.db #0x80	; 128
      000306 80                     844 	.db #0x80	; 128
      000307                        845 _EyeBeamYokoTile:
      000307 00                     846 	.db #0x00	; 0
      000308 00                     847 	.db #0x00	; 0
      000309 00                     848 	.db #0x00	; 0
      00030A 00                     849 	.db #0x00	; 0
      00030B 00                     850 	.db #0x00	; 0
      00030C 00                     851 	.db #0x00	; 0
      00030D 00                     852 	.db #0x00	; 0
      00030E 00                     853 	.db #0x00	; 0
      00030F 00                     854 	.db #0x00	; 0
      000310 00                     855 	.db #0x00	; 0
      000311 00                     856 	.db #0x00	; 0
      000312 00                     857 	.db #0x00	; 0
      000313 7F                     858 	.db #0x7f	; 127
      000314 7F                     859 	.db #0x7f	; 127
      000315 80                     860 	.db #0x80	; 128
      000316 FF                     861 	.db #0xff	; 255
      000317 FF                     862 	.db #0xff	; 255
      000318 80                     863 	.db #0x80	; 128
      000319 7F                     864 	.db #0x7f	; 127
      00031A 7F                     865 	.db #0x7f	; 127
      00031B 00                     866 	.db #0x00	; 0
      00031C 00                     867 	.db #0x00	; 0
      00031D 00                     868 	.db #0x00	; 0
      00031E 00                     869 	.db #0x00	; 0
      00031F 00                     870 	.db #0x00	; 0
      000320 00                     871 	.db #0x00	; 0
      000321 00                     872 	.db #0x00	; 0
      000322 00                     873 	.db #0x00	; 0
      000323 00                     874 	.db #0x00	; 0
      000324 00                     875 	.db #0x00	; 0
      000325 00                     876 	.db #0x00	; 0
      000326 00                     877 	.db #0x00	; 0
      000327 00                     878 	.db #0x00	; 0
      000328 00                     879 	.db #0x00	; 0
      000329 00                     880 	.db #0x00	; 0
      00032A 00                     881 	.db #0x00	; 0
      00032B 00                     882 	.db #0x00	; 0
      00032C 00                     883 	.db #0x00	; 0
      00032D 00                     884 	.db #0x00	; 0
      00032E 00                     885 	.db #0x00	; 0
      00032F 00                     886 	.db #0x00	; 0
      000330 00                     887 	.db #0x00	; 0
      000331 00                     888 	.db #0x00	; 0
      000332 00                     889 	.db #0x00	; 0
      000333 FE                     890 	.db #0xfe	; 254
      000334 FE                     891 	.db #0xfe	; 254
      000335 01                     892 	.db #0x01	; 1
      000336 FF                     893 	.db #0xff	; 255
      000337 FF                     894 	.db #0xff	; 255
      000338 01                     895 	.db #0x01	; 1
      000339 FE                     896 	.db #0xfe	; 254
      00033A FE                     897 	.db #0xfe	; 254
      00033B 00                     898 	.db #0x00	; 0
      00033C 00                     899 	.db #0x00	; 0
      00033D 00                     900 	.db #0x00	; 0
      00033E 00                     901 	.db #0x00	; 0
      00033F 00                     902 	.db #0x00	; 0
      000340 00                     903 	.db #0x00	; 0
      000341 00                     904 	.db #0x00	; 0
      000342 00                     905 	.db #0x00	; 0
      000343 00                     906 	.db #0x00	; 0
      000344 00                     907 	.db #0x00	; 0
      000345 00                     908 	.db #0x00	; 0
      000346 00                     909 	.db #0x00	; 0
                                    910 	.area _INITIALIZER
                                    911 	.area _CABS (ABS)
