                                      1 ;--------------------------------------------------------
                                      2 ; File Created by SDCC : free open source ISO C Compiler 
                                      3 ; Version 4.2.2 #13350 (MINGW64)
                                      4 ;--------------------------------------------------------
                                      5 	.module Hero
                                      6 	.optsdcc -msm83
                                      7 	
                                      8 ;--------------------------------------------------------
                                      9 ; Public variables in this module
                                     10 ;--------------------------------------------------------
                                     11 	.globl _SwordLeftDownTile
                                     12 	.globl _SwordRightDownTile
                                     13 	.globl _SwordDownTile
                                     14 	.globl _SwordUpTile
                                     15 	.globl _SwordLeftTile
                                     16 	.globl _SwordRightTile
                                     17 	.globl _SwordLeftUpTile
                                     18 	.globl _SwordRightUpTile
                                     19 	.globl _HeroBlinkTile
                                     20 	.globl _HeroUpAttack2Tile
                                     21 	.globl _HeroUpAttack1Tile
                                     22 	.globl _HeroUpWalkTile
                                     23 	.globl _HeroUpTile
                                     24 	.globl _HeroDownAttack2Tile
                                     25 	.globl _HeroDownAttack1Tile
                                     26 	.globl _HeroRightAttack2Tile
                                     27 	.globl _HeroRightAttack1Tile
                                     28 	.globl _HeroLeftAttack2Tile
                                     29 	.globl _HeroLeftAttack1Tile
                                     30 	.globl _HeroRightWalkTile
                                     31 	.globl _HeroRightTile
                                     32 	.globl _HeroLeftWalkTile
                                     33 	.globl _HeroLeftTile
                                     34 	.globl _HeroDownWalkTile
                                     35 	.globl _HeroDownTile
                                     36 	.globl _HeroCGB
                                     37 ;--------------------------------------------------------
                                     38 ; special function registers
                                     39 ;--------------------------------------------------------
                                     40 ;--------------------------------------------------------
                                     41 ; ram data
                                     42 ;--------------------------------------------------------
                                     43 	.area _DATA
                                     44 ;--------------------------------------------------------
                                     45 ; ram data
                                     46 ;--------------------------------------------------------
                                     47 	.area _INITIALIZED
                                     48 ;--------------------------------------------------------
                                     49 ; absolute external ram data
                                     50 ;--------------------------------------------------------
                                     51 	.area _DABS (ABS)
                                     52 ;--------------------------------------------------------
                                     53 ; global & static initialisations
                                     54 ;--------------------------------------------------------
                                     55 	.area _HOME
                                     56 	.area _GSINIT
                                     57 	.area _GSFINAL
                                     58 	.area _GSINIT
                                     59 ;--------------------------------------------------------
                                     60 ; Home
                                     61 ;--------------------------------------------------------
                                     62 	.area _HOME
                                     63 	.area _HOME
                                     64 ;--------------------------------------------------------
                                     65 ; code
                                     66 ;--------------------------------------------------------
                                     67 	.area _CODE
                                     68 	.area _CODE
      000000                         69 _HeroCGB:
      000000 00                      70 	.db #0x00	; 0
      000001 00                      71 	.db #0x00	; 0
      000002 00                      72 	.db #0x00	; 0
      000003 00                      73 	.db #0x00	; 0
      000004 00                      74 	.db #0x00	; 0
      000005 00                      75 	.db #0x00	; 0
      000006 00                      76 	.db #0x00	; 0
      000007 00                      77 	.db #0x00	; 0
      000008 00                      78 	.db #0x00	; 0
      000009 00                      79 	.db #0x00	; 0
      00000A                         80 _HeroDownTile:
      00000A 1F                      81 	.db #0x1f	; 31
      00000B 1F                      82 	.db #0x1f	; 31
      00000C 64                      83 	.db #0x64	; 100	'd'
      00000D 7F                      84 	.db #0x7f	; 127
      00000E A4                      85 	.db #0xa4	; 164
      00000F FF                      86 	.db #0xff	; 255
      000010 52                      87 	.db #0x52	; 82	'R'
      000011 7F                      88 	.db #0x7f	; 127
      000012 CF                      89 	.db #0xcf	; 207
      000013 FF                      90 	.db #0xff	; 255
      000014 BF                      91 	.db #0xbf	; 191
      000015 F8                      92 	.db #0xf8	; 248
      000016 4F                      93 	.db #0x4f	; 79	'O'
      000017 7F                      94 	.db #0x7f	; 127
      000018 3F                      95 	.db #0x3f	; 63
      000019 3A                      96 	.db #0x3a	; 58
      00001A 07                      97 	.db #0x07	; 7
      00001B 04                      98 	.db #0x04	; 4
      00001C 7F                      99 	.db #0x7f	; 127
      00001D 7F                     100 	.db #0x7f	; 127
      00001E 89                     101 	.db #0x89	; 137
      00001F FF                     102 	.db #0xff	; 255
      000020 64                     103 	.db #0x64	; 100	'd'
      000021 7F                     104 	.db #0x7f	; 127
      000022 FF                     105 	.db #0xff	; 255
      000023 9F                     106 	.db #0x9f	; 159
      000024 F9                     107 	.db #0xf9	; 249
      000025 9F                     108 	.db #0x9f	; 159
      000026 6F                     109 	.db #0x6f	; 111	'o'
      000027 6F                     110 	.db #0x6f	; 111	'o'
      000028 01                     111 	.db #0x01	; 1
      000029 01                     112 	.db #0x01	; 1
      00002A E0                     113 	.db #0xe0	; 224
      00002B E0                     114 	.db #0xe0	; 224
      00002C 30                     115 	.db #0x30	; 48	'0'
      00002D F0                     116 	.db #0xf0	; 240
      00002E 48                     117 	.db #0x48	; 72	'H'
      00002F F8                     118 	.db #0xf8	; 248
      000030 4C                     119 	.db #0x4c	; 76	'L'
      000031 FC                     120 	.db #0xfc	; 252
      000032 72                     121 	.db #0x72	; 114	'r'
      000033 FE                     122 	.db #0xfe	; 254
      000034 F4                     123 	.db #0xf4	; 244
      000035 9C                     124 	.db #0x9c	; 156
      000036 F8                     125 	.db #0xf8	; 248
      000037 78                     126 	.db #0x78	; 120	'x'
      000038 F0                     127 	.db #0xf0	; 240
      000039 50                     128 	.db #0x50	; 80	'P'
      00003A E0                     129 	.db #0xe0	; 224
      00003B 20                     130 	.db #0x20	; 32
      00003C FE                     131 	.db #0xfe	; 254
      00003D FE                     132 	.db #0xfe	; 254
      00003E 91                     133 	.db #0x91	; 145
      00003F FF                     134 	.db #0xff	; 255
      000040 22                     135 	.db #0x22	; 34
      000041 FE                     136 	.db #0xfe	; 254
      000042 F7                     137 	.db #0xf7	; 247
      000043 FD                     138 	.db #0xfd	; 253
      000044 3A                     139 	.db #0x3a	; 58
      000045 FA                     140 	.db #0xfa	; 250
      000046 30                     141 	.db #0x30	; 48	'0'
      000047 F0                     142 	.db #0xf0	; 240
      000048 F8                     143 	.db #0xf8	; 248
      000049 F8                     144 	.db #0xf8	; 248
      00004A                        145 _HeroDownWalkTile:
      00004A 1F                     146 	.db #0x1f	; 31
      00004B 1F                     147 	.db #0x1f	; 31
      00004C 64                     148 	.db #0x64	; 100	'd'
      00004D 7F                     149 	.db #0x7f	; 127
      00004E A4                     150 	.db #0xa4	; 164
      00004F FF                     151 	.db #0xff	; 255
      000050 52                     152 	.db #0x52	; 82	'R'
      000051 7F                     153 	.db #0x7f	; 127
      000052 CF                     154 	.db #0xcf	; 207
      000053 FF                     155 	.db #0xff	; 255
      000054 BF                     156 	.db #0xbf	; 191
      000055 F8                     157 	.db #0xf8	; 248
      000056 4F                     158 	.db #0x4f	; 79	'O'
      000057 7F                     159 	.db #0x7f	; 127
      000058 3F                     160 	.db #0x3f	; 63
      000059 3A                     161 	.db #0x3a	; 58
      00005A 07                     162 	.db #0x07	; 7
      00005B 04                     163 	.db #0x04	; 4
      00005C 7F                     164 	.db #0x7f	; 127
      00005D 7F                     165 	.db #0x7f	; 127
      00005E 89                     166 	.db #0x89	; 137
      00005F FF                     167 	.db #0xff	; 255
      000060 44                     168 	.db #0x44	; 68	'D'
      000061 7F                     169 	.db #0x7f	; 127
      000062 EF                     170 	.db #0xef	; 239
      000063 BF                     171 	.db #0xbf	; 191
      000064 5C                     172 	.db #0x5c	; 92
      000065 5F                     173 	.db #0x5f	; 95
      000066 0C                     174 	.db #0x0c	; 12
      000067 0F                     175 	.db #0x0f	; 15
      000068 1F                     176 	.db #0x1f	; 31
      000069 1F                     177 	.db #0x1f	; 31
      00006A E0                     178 	.db #0xe0	; 224
      00006B E0                     179 	.db #0xe0	; 224
      00006C 30                     180 	.db #0x30	; 48	'0'
      00006D F0                     181 	.db #0xf0	; 240
      00006E 48                     182 	.db #0x48	; 72	'H'
      00006F F8                     183 	.db #0xf8	; 248
      000070 4C                     184 	.db #0x4c	; 76	'L'
      000071 FC                     185 	.db #0xfc	; 252
      000072 72                     186 	.db #0x72	; 114	'r'
      000073 FE                     187 	.db #0xfe	; 254
      000074 F4                     188 	.db #0xf4	; 244
      000075 9C                     189 	.db #0x9c	; 156
      000076 F8                     190 	.db #0xf8	; 248
      000077 78                     191 	.db #0x78	; 120	'x'
      000078 F0                     192 	.db #0xf0	; 240
      000079 50                     193 	.db #0x50	; 80	'P'
      00007A E0                     194 	.db #0xe0	; 224
      00007B 20                     195 	.db #0x20	; 32
      00007C FE                     196 	.db #0xfe	; 254
      00007D FE                     197 	.db #0xfe	; 254
      00007E 91                     198 	.db #0x91	; 145
      00007F FF                     199 	.db #0xff	; 255
      000080 26                     200 	.db #0x26	; 38
      000081 FE                     201 	.db #0xfe	; 254
      000082 FF                     202 	.db #0xff	; 255
      000083 F9                     203 	.db #0xf9	; 249
      000084 9F                     204 	.db #0x9f	; 159
      000085 F9                     205 	.db #0xf9	; 249
      000086 F6                     206 	.db #0xf6	; 246
      000087 F6                     207 	.db #0xf6	; 246
      000088 F8                     208 	.db #0xf8	; 248
      000089 F8                     209 	.db #0xf8	; 248
      00008A                        210 _HeroLeftTile:
      00008A 03                     211 	.db #0x03	; 3
      00008B 03                     212 	.db #0x03	; 3
      00008C 0D                     213 	.db #0x0d	; 13
      00008D 0F                     214 	.db #0x0f	; 15
      00008E 0A                     215 	.db #0x0a	; 10
      00008F 0F                     216 	.db #0x0f	; 15
      000090 0C                     217 	.db #0x0c	; 12
      000091 0F                     218 	.db #0x0f	; 15
      000092 07                     219 	.db #0x07	; 7
      000093 07                     220 	.db #0x07	; 7
      000094 07                     221 	.db #0x07	; 7
      000095 04                     222 	.db #0x04	; 4
      000096 07                     223 	.db #0x07	; 7
      000097 05                     224 	.db #0x05	; 5
      000098 07                     225 	.db #0x07	; 7
      000099 05                     226 	.db #0x05	; 5
      00009A 07                     227 	.db #0x07	; 7
      00009B 04                     228 	.db #0x04	; 4
      00009C 07                     229 	.db #0x07	; 7
      00009D 07                     230 	.db #0x07	; 7
      00009E 06                     231 	.db #0x06	; 6
      00009F 07                     232 	.db #0x07	; 7
      0000A0 04                     233 	.db #0x04	; 4
      0000A1 07                     234 	.db #0x07	; 7
      0000A2 07                     235 	.db #0x07	; 7
      0000A3 07                     236 	.db #0x07	; 7
      0000A4 01                     237 	.db #0x01	; 1
      0000A5 01                     238 	.db #0x01	; 1
      0000A6 02                     239 	.db #0x02	; 2
      0000A7 03                     240 	.db #0x03	; 3
      0000A8 03                     241 	.db #0x03	; 3
      0000A9 03                     242 	.db #0x03	; 3
      0000AA F0                     243 	.db #0xf0	; 240
      0000AB F0                     244 	.db #0xf0	; 240
      0000AC 3C                     245 	.db #0x3c	; 60
      0000AD FC                     246 	.db #0xfc	; 252
      0000AE 46                     247 	.db #0x46	; 70	'F'
      0000AF FE                     248 	.db #0xfe	; 254
      0000B0 8C                     249 	.db #0x8c	; 140
      0000B1 FC                     250 	.db #0xfc	; 252
      0000B2 D3                     251 	.db #0xd3	; 211
      0000B3 FF                     252 	.db #0xff	; 255
      0000B4 E6                     253 	.db #0xe6	; 230
      0000B5 7E                     254 	.db #0x7e	; 126
      0000B6 E4                     255 	.db #0xe4	; 228
      0000B7 BC                     256 	.db #0xbc	; 188
      0000B8 F8                     257 	.db #0xf8	; 248
      0000B9 18                     258 	.db #0x18	; 24
      0000BA FC                     259 	.db #0xfc	; 252
      0000BB 7C                     260 	.db #0x7c	; 124
      0000BC 92                     261 	.db #0x92	; 146
      0000BD FE                     262 	.db #0xfe	; 254
      0000BE 7C                     263 	.db #0x7c	; 124
      0000BF EC                     264 	.db #0xec	; 236
      0000C0 FC                     265 	.db #0xfc	; 252
      0000C1 8C                     266 	.db #0x8c	; 140
      0000C2 F4                     267 	.db #0xf4	; 244
      0000C3 9C                     268 	.db #0x9c	; 156
      0000C4 78                     269 	.db #0x78	; 120	'x'
      0000C5 F8                     270 	.db #0xf8	; 248
      0000C6 10                     271 	.db #0x10	; 16
      0000C7 F0                     272 	.db #0xf0	; 240
      0000C8 F0                     273 	.db #0xf0	; 240
      0000C9 F0                     274 	.db #0xf0	; 240
      0000CA                        275 _HeroLeftWalkTile:
      0000CA 00                     276 	.db #0x00	; 0
      0000CB 00                     277 	.db #0x00	; 0
      0000CC 03                     278 	.db #0x03	; 3
      0000CD 03                     279 	.db #0x03	; 3
      0000CE 0D                     280 	.db #0x0d	; 13
      0000CF 0F                     281 	.db #0x0f	; 15
      0000D0 0A                     282 	.db #0x0a	; 10
      0000D1 0F                     283 	.db #0x0f	; 15
      0000D2 0C                     284 	.db #0x0c	; 12
      0000D3 0F                     285 	.db #0x0f	; 15
      0000D4 07                     286 	.db #0x07	; 7
      0000D5 07                     287 	.db #0x07	; 7
      0000D6 07                     288 	.db #0x07	; 7
      0000D7 04                     289 	.db #0x04	; 4
      0000D8 07                     290 	.db #0x07	; 7
      0000D9 05                     291 	.db #0x05	; 5
      0000DA 07                     292 	.db #0x07	; 7
      0000DB 05                     293 	.db #0x05	; 5
      0000DC 1F                     294 	.db #0x1f	; 31
      0000DD 1C                     295 	.db #0x1c	; 28
      0000DE 1F                     296 	.db #0x1f	; 31
      0000DF 17                     297 	.db #0x17	; 23
      0000E0 1C                     298 	.db #0x1c	; 28
      0000E1 17                     299 	.db #0x17	; 23
      0000E2 1E                     300 	.db #0x1e	; 30
      0000E3 1F                     301 	.db #0x1f	; 31
      0000E4 11                     302 	.db #0x11	; 17
      0000E5 1F                     303 	.db #0x1f	; 31
      0000E6 19                     304 	.db #0x19	; 25
      0000E7 1F                     305 	.db #0x1f	; 31
      0000E8 0F                     306 	.db #0x0f	; 15
      0000E9 0F                     307 	.db #0x0f	; 15
      0000EA 00                     308 	.db #0x00	; 0
      0000EB 00                     309 	.db #0x00	; 0
      0000EC F0                     310 	.db #0xf0	; 240
      0000ED F0                     311 	.db #0xf0	; 240
      0000EE 3C                     312 	.db #0x3c	; 60
      0000EF FC                     313 	.db #0xfc	; 252
      0000F0 46                     314 	.db #0x46	; 70	'F'
      0000F1 FE                     315 	.db #0xfe	; 254
      0000F2 8C                     316 	.db #0x8c	; 140
      0000F3 FC                     317 	.db #0xfc	; 252
      0000F4 93                     318 	.db #0x93	; 147
      0000F5 FF                     319 	.db #0xff	; 255
      0000F6 EE                     320 	.db #0xee	; 238
      0000F7 7E                     321 	.db #0x7e	; 126
      0000F8 E4                     322 	.db #0xe4	; 228
      0000F9 BC                     323 	.db #0xbc	; 188
      0000FA F8                     324 	.db #0xf8	; 248
      0000FB 18                     325 	.db #0x18	; 24
      0000FC FC                     326 	.db #0xfc	; 252
      0000FD 7C                     327 	.db #0x7c	; 124
      0000FE 92                     328 	.db #0x92	; 146
      0000FF FE                     329 	.db #0xfe	; 254
      000100 7C                     330 	.db #0x7c	; 124
      000101 CC                     331 	.db #0xcc	; 204
      000102 FE                     332 	.db #0xfe	; 254
      000103 E6                     333 	.db #0xe6	; 230
      000104 9E                     334 	.db #0x9e	; 158
      000105 F2                     335 	.db #0xf2	; 242
      000106 EE                     336 	.db #0xee	; 238
      000107 FE                     337 	.db #0xfe	; 254
      000108 FF                     338 	.db #0xff	; 255
      000109 FF                     339 	.db #0xff	; 255
      00010A                        340 _HeroRightTile:
      00010A 0F                     341 	.db #0x0f	; 15
      00010B 0F                     342 	.db #0x0f	; 15
      00010C 3C                     343 	.db #0x3c	; 60
      00010D 3F                     344 	.db #0x3f	; 63
      00010E 62                     345 	.db #0x62	; 98	'b'
      00010F 7F                     346 	.db #0x7f	; 127
      000110 31                     347 	.db #0x31	; 49	'1'
      000111 3F                     348 	.db #0x3f	; 63
      000112 CB                     349 	.db #0xcb	; 203
      000113 FF                     350 	.db #0xff	; 255
      000114 67                     351 	.db #0x67	; 103	'g'
      000115 7E                     352 	.db #0x7e	; 126
      000116 27                     353 	.db #0x27	; 39
      000117 3D                     354 	.db #0x3d	; 61
      000118 1F                     355 	.db #0x1f	; 31
      000119 18                     356 	.db #0x18	; 24
      00011A 3F                     357 	.db #0x3f	; 63
      00011B 3E                     358 	.db #0x3e	; 62
      00011C 49                     359 	.db #0x49	; 73	'I'
      00011D 7F                     360 	.db #0x7f	; 127
      00011E 3E                     361 	.db #0x3e	; 62
      00011F 37                     362 	.db #0x37	; 55	'7'
      000120 3F                     363 	.db #0x3f	; 63
      000121 31                     364 	.db #0x31	; 49	'1'
      000122 2F                     365 	.db #0x2f	; 47
      000123 39                     366 	.db #0x39	; 57	'9'
      000124 1E                     367 	.db #0x1e	; 30
      000125 1F                     368 	.db #0x1f	; 31
      000126 08                     369 	.db #0x08	; 8
      000127 0F                     370 	.db #0x0f	; 15
      000128 0F                     371 	.db #0x0f	; 15
      000129 0F                     372 	.db #0x0f	; 15
      00012A C0                     373 	.db #0xc0	; 192
      00012B C0                     374 	.db #0xc0	; 192
      00012C B0                     375 	.db #0xb0	; 176
      00012D F0                     376 	.db #0xf0	; 240
      00012E 50                     377 	.db #0x50	; 80	'P'
      00012F F0                     378 	.db #0xf0	; 240
      000130 30                     379 	.db #0x30	; 48	'0'
      000131 F0                     380 	.db #0xf0	; 240
      000132 E0                     381 	.db #0xe0	; 224
      000133 E0                     382 	.db #0xe0	; 224
      000134 E0                     383 	.db #0xe0	; 224
      000135 20                     384 	.db #0x20	; 32
      000136 E0                     385 	.db #0xe0	; 224
      000137 A0                     386 	.db #0xa0	; 160
      000138 E0                     387 	.db #0xe0	; 224
      000139 A0                     388 	.db #0xa0	; 160
      00013A E0                     389 	.db #0xe0	; 224
      00013B 20                     390 	.db #0x20	; 32
      00013C E0                     391 	.db #0xe0	; 224
      00013D E0                     392 	.db #0xe0	; 224
      00013E 60                     393 	.db #0x60	; 96
      00013F E0                     394 	.db #0xe0	; 224
      000140 20                     395 	.db #0x20	; 32
      000141 E0                     396 	.db #0xe0	; 224
      000142 E0                     397 	.db #0xe0	; 224
      000143 E0                     398 	.db #0xe0	; 224
      000144 80                     399 	.db #0x80	; 128
      000145 80                     400 	.db #0x80	; 128
      000146 40                     401 	.db #0x40	; 64
      000147 C0                     402 	.db #0xc0	; 192
      000148 C0                     403 	.db #0xc0	; 192
      000149 C0                     404 	.db #0xc0	; 192
      00014A                        405 _HeroRightWalkTile:
      00014A 00                     406 	.db #0x00	; 0
      00014B 00                     407 	.db #0x00	; 0
      00014C 0F                     408 	.db #0x0f	; 15
      00014D 0F                     409 	.db #0x0f	; 15
      00014E 3C                     410 	.db #0x3c	; 60
      00014F 3F                     411 	.db #0x3f	; 63
      000150 62                     412 	.db #0x62	; 98	'b'
      000151 7F                     413 	.db #0x7f	; 127
      000152 31                     414 	.db #0x31	; 49	'1'
      000153 3F                     415 	.db #0x3f	; 63
      000154 C9                     416 	.db #0xc9	; 201
      000155 FF                     417 	.db #0xff	; 255
      000156 77                     418 	.db #0x77	; 119	'w'
      000157 7E                     419 	.db #0x7e	; 126
      000158 27                     420 	.db #0x27	; 39
      000159 3D                     421 	.db #0x3d	; 61
      00015A 1F                     422 	.db #0x1f	; 31
      00015B 18                     423 	.db #0x18	; 24
      00015C 3F                     424 	.db #0x3f	; 63
      00015D 3E                     425 	.db #0x3e	; 62
      00015E 49                     426 	.db #0x49	; 73	'I'
      00015F 7F                     427 	.db #0x7f	; 127
      000160 3E                     428 	.db #0x3e	; 62
      000161 33                     429 	.db #0x33	; 51	'3'
      000162 7F                     430 	.db #0x7f	; 127
      000163 67                     431 	.db #0x67	; 103	'g'
      000164 79                     432 	.db #0x79	; 121	'y'
      000165 4F                     433 	.db #0x4f	; 79	'O'
      000166 77                     434 	.db #0x77	; 119	'w'
      000167 7F                     435 	.db #0x7f	; 127
      000168 FF                     436 	.db #0xff	; 255
      000169 FF                     437 	.db #0xff	; 255
      00016A 00                     438 	.db #0x00	; 0
      00016B 00                     439 	.db #0x00	; 0
      00016C C0                     440 	.db #0xc0	; 192
      00016D C0                     441 	.db #0xc0	; 192
      00016E B0                     442 	.db #0xb0	; 176
      00016F F0                     443 	.db #0xf0	; 240
      000170 50                     444 	.db #0x50	; 80	'P'
      000171 F0                     445 	.db #0xf0	; 240
      000172 30                     446 	.db #0x30	; 48	'0'
      000173 F0                     447 	.db #0xf0	; 240
      000174 E0                     448 	.db #0xe0	; 224
      000175 E0                     449 	.db #0xe0	; 224
      000176 E0                     450 	.db #0xe0	; 224
      000177 20                     451 	.db #0x20	; 32
      000178 E0                     452 	.db #0xe0	; 224
      000179 A0                     453 	.db #0xa0	; 160
      00017A E0                     454 	.db #0xe0	; 224
      00017B A0                     455 	.db #0xa0	; 160
      00017C F8                     456 	.db #0xf8	; 248
      00017D 38                     457 	.db #0x38	; 56	'8'
      00017E F8                     458 	.db #0xf8	; 248
      00017F E8                     459 	.db #0xe8	; 232
      000180 38                     460 	.db #0x38	; 56	'8'
      000181 E8                     461 	.db #0xe8	; 232
      000182 78                     462 	.db #0x78	; 120	'x'
      000183 F8                     463 	.db #0xf8	; 248
      000184 88                     464 	.db #0x88	; 136
      000185 F8                     465 	.db #0xf8	; 248
      000186 98                     466 	.db #0x98	; 152
      000187 F8                     467 	.db #0xf8	; 248
      000188 F0                     468 	.db #0xf0	; 240
      000189 F0                     469 	.db #0xf0	; 240
      00018A                        470 _HeroLeftAttack1Tile:
      00018A 00                     471 	.db #0x00	; 0
      00018B 00                     472 	.db #0x00	; 0
      00018C 03                     473 	.db #0x03	; 3
      00018D 03                     474 	.db #0x03	; 3
      00018E 0D                     475 	.db #0x0d	; 13
      00018F 0F                     476 	.db #0x0f	; 15
      000190 0A                     477 	.db #0x0a	; 10
      000191 0F                     478 	.db #0x0f	; 15
      000192 0C                     479 	.db #0x0c	; 12
      000193 0F                     480 	.db #0x0f	; 15
      000194 07                     481 	.db #0x07	; 7
      000195 07                     482 	.db #0x07	; 7
      000196 07                     483 	.db #0x07	; 7
      000197 04                     484 	.db #0x04	; 4
      000198 07                     485 	.db #0x07	; 7
      000199 05                     486 	.db #0x05	; 5
      00019A 07                     487 	.db #0x07	; 7
      00019B 05                     488 	.db #0x05	; 5
      00019C 1F                     489 	.db #0x1f	; 31
      00019D 1C                     490 	.db #0x1c	; 28
      00019E 1F                     491 	.db #0x1f	; 31
      00019F 17                     492 	.db #0x17	; 23
      0001A0 1C                     493 	.db #0x1c	; 28
      0001A1 17                     494 	.db #0x17	; 23
      0001A2 1E                     495 	.db #0x1e	; 30
      0001A3 1F                     496 	.db #0x1f	; 31
      0001A4 11                     497 	.db #0x11	; 17
      0001A5 1F                     498 	.db #0x1f	; 31
      0001A6 19                     499 	.db #0x19	; 25
      0001A7 1F                     500 	.db #0x1f	; 31
      0001A8 0F                     501 	.db #0x0f	; 15
      0001A9 0F                     502 	.db #0x0f	; 15
      0001AA 00                     503 	.db #0x00	; 0
      0001AB 00                     504 	.db #0x00	; 0
      0001AC F0                     505 	.db #0xf0	; 240
      0001AD F0                     506 	.db #0xf0	; 240
      0001AE 3C                     507 	.db #0x3c	; 60
      0001AF FC                     508 	.db #0xfc	; 252
      0001B0 46                     509 	.db #0x46	; 70	'F'
      0001B1 FE                     510 	.db #0xfe	; 254
      0001B2 8C                     511 	.db #0x8c	; 140
      0001B3 FC                     512 	.db #0xfc	; 252
      0001B4 93                     513 	.db #0x93	; 147
      0001B5 FF                     514 	.db #0xff	; 255
      0001B6 FE                     515 	.db #0xfe	; 254
      0001B7 66                     516 	.db #0x66	; 102	'f'
      0001B8 DC                     517 	.db #0xdc	; 220
      0001B9 E4                     518 	.db #0xe4	; 228
      0001BA EE                     519 	.db #0xee	; 238
      0001BB 5E                     520 	.db #0x5e	; 94
      0001BC FD                     521 	.db #0xfd	; 253
      0001BD 47                     522 	.db #0x47	; 71	'G'
      0001BE FE                     523 	.db #0xfe	; 254
      0001BF C6                     524 	.db #0xc6	; 198
      0001C0 FC                     525 	.db #0xfc	; 252
      0001C1 FC                     526 	.db #0xfc	; 252
      0001C2 C4                     527 	.db #0xc4	; 196
      0001C3 FC                     528 	.db #0xfc	; 252
      0001C4 FA                     529 	.db #0xfa	; 250
      0001C5 FE                     530 	.db #0xfe	; 254
      0001C6 81                     531 	.db #0x81	; 129
      0001C7 FF                     532 	.db #0xff	; 255
      0001C8 FE                     533 	.db #0xfe	; 254
      0001C9 FE                     534 	.db #0xfe	; 254
      0001CA                        535 _HeroLeftAttack2Tile:
      0001CA 00                     536 	.db #0x00	; 0
      0001CB 00                     537 	.db #0x00	; 0
      0001CC 03                     538 	.db #0x03	; 3
      0001CD 03                     539 	.db #0x03	; 3
      0001CE 0D                     540 	.db #0x0d	; 13
      0001CF 0F                     541 	.db #0x0f	; 15
      0001D0 0A                     542 	.db #0x0a	; 10
      0001D1 0F                     543 	.db #0x0f	; 15
      0001D2 0C                     544 	.db #0x0c	; 12
      0001D3 0F                     545 	.db #0x0f	; 15
      0001D4 07                     546 	.db #0x07	; 7
      0001D5 07                     547 	.db #0x07	; 7
      0001D6 07                     548 	.db #0x07	; 7
      0001D7 04                     549 	.db #0x04	; 4
      0001D8 07                     550 	.db #0x07	; 7
      0001D9 05                     551 	.db #0x05	; 5
      0001DA 07                     552 	.db #0x07	; 7
      0001DB 05                     553 	.db #0x05	; 5
      0001DC 1F                     554 	.db #0x1f	; 31
      0001DD 1F                     555 	.db #0x1f	; 31
      0001DE 1B                     556 	.db #0x1b	; 27
      0001DF 04                     557 	.db #0x04	; 4
      0001E0 1B                     558 	.db #0x1b	; 27
      0001E1 04                     559 	.db #0x04	; 4
      0001E2 1F                     560 	.db #0x1f	; 31
      0001E3 1F                     561 	.db #0x1f	; 31
      0001E4 09                     562 	.db #0x09	; 9
      0001E5 0F                     563 	.db #0x0f	; 15
      0001E6 11                     564 	.db #0x11	; 17
      0001E7 1F                     565 	.db #0x1f	; 31
      0001E8 1F                     566 	.db #0x1f	; 31
      0001E9 1F                     567 	.db #0x1f	; 31
      0001EA 00                     568 	.db #0x00	; 0
      0001EB 00                     569 	.db #0x00	; 0
      0001EC F0                     570 	.db #0xf0	; 240
      0001ED F0                     571 	.db #0xf0	; 240
      0001EE 3C                     572 	.db #0x3c	; 60
      0001EF FC                     573 	.db #0xfc	; 252
      0001F0 46                     574 	.db #0x46	; 70	'F'
      0001F1 FE                     575 	.db #0xfe	; 254
      0001F2 8C                     576 	.db #0x8c	; 140
      0001F3 FC                     577 	.db #0xfc	; 252
      0001F4 93                     578 	.db #0x93	; 147
      0001F5 FF                     579 	.db #0xff	; 255
      0001F6 E2                     580 	.db #0xe2	; 226
      0001F7 7E                     581 	.db #0x7e	; 126
      0001F8 E4                     582 	.db #0xe4	; 228
      0001F9 BC                     583 	.db #0xbc	; 188
      0001FA FE                     584 	.db #0xfe	; 254
      0001FB 7E                     585 	.db #0x7e	; 126
      0001FC F9                     586 	.db #0xf9	; 249
      0001FD 8F                     587 	.db #0x8f	; 143
      0001FE FA                     588 	.db #0xfa	; 250
      0001FF 0E                     589 	.db #0x0e	; 14
      000200 FC                     590 	.db #0xfc	; 252
      000201 3C                     591 	.db #0x3c	; 60
      000202 C4                     592 	.db #0xc4	; 196
      000203 FC                     593 	.db #0xfc	; 252
      000204 FA                     594 	.db #0xfa	; 250
      000205 FE                     595 	.db #0xfe	; 254
      000206 81                     596 	.db #0x81	; 129
      000207 FF                     597 	.db #0xff	; 255
      000208 FE                     598 	.db #0xfe	; 254
      000209 FE                     599 	.db #0xfe	; 254
      00020A                        600 _HeroRightAttack1Tile:
      00020A 00                     601 	.db #0x00	; 0
      00020B 00                     602 	.db #0x00	; 0
      00020C 0F                     603 	.db #0x0f	; 15
      00020D 0F                     604 	.db #0x0f	; 15
      00020E 3C                     605 	.db #0x3c	; 60
      00020F 3F                     606 	.db #0x3f	; 63
      000210 62                     607 	.db #0x62	; 98	'b'
      000211 7F                     608 	.db #0x7f	; 127
      000212 31                     609 	.db #0x31	; 49	'1'
      000213 3F                     610 	.db #0x3f	; 63
      000214 C9                     611 	.db #0xc9	; 201
      000215 FF                     612 	.db #0xff	; 255
      000216 7F                     613 	.db #0x7f	; 127
      000217 66                     614 	.db #0x66	; 102	'f'
      000218 3B                     615 	.db #0x3b	; 59
      000219 27                     616 	.db #0x27	; 39
      00021A 77                     617 	.db #0x77	; 119	'w'
      00021B 7A                     618 	.db #0x7a	; 122	'z'
      00021C BF                     619 	.db #0xbf	; 191
      00021D E2                     620 	.db #0xe2	; 226
      00021E 7F                     621 	.db #0x7f	; 127
      00021F 63                     622 	.db #0x63	; 99	'c'
      000220 3F                     623 	.db #0x3f	; 63
      000221 3F                     624 	.db #0x3f	; 63
      000222 23                     625 	.db #0x23	; 35
      000223 3F                     626 	.db #0x3f	; 63
      000224 5F                     627 	.db #0x5f	; 95
      000225 7F                     628 	.db #0x7f	; 127
      000226 81                     629 	.db #0x81	; 129
      000227 FF                     630 	.db #0xff	; 255
      000228 7F                     631 	.db #0x7f	; 127
      000229 7F                     632 	.db #0x7f	; 127
      00022A 00                     633 	.db #0x00	; 0
      00022B 00                     634 	.db #0x00	; 0
      00022C C0                     635 	.db #0xc0	; 192
      00022D C0                     636 	.db #0xc0	; 192
      00022E B0                     637 	.db #0xb0	; 176
      00022F F0                     638 	.db #0xf0	; 240
      000230 50                     639 	.db #0x50	; 80	'P'
      000231 F0                     640 	.db #0xf0	; 240
      000232 30                     641 	.db #0x30	; 48	'0'
      000233 F0                     642 	.db #0xf0	; 240
      000234 E0                     643 	.db #0xe0	; 224
      000235 E0                     644 	.db #0xe0	; 224
      000236 E0                     645 	.db #0xe0	; 224
      000237 20                     646 	.db #0x20	; 32
      000238 E0                     647 	.db #0xe0	; 224
      000239 A0                     648 	.db #0xa0	; 160
      00023A E0                     649 	.db #0xe0	; 224
      00023B A0                     650 	.db #0xa0	; 160
      00023C F8                     651 	.db #0xf8	; 248
      00023D 38                     652 	.db #0x38	; 56	'8'
      00023E F8                     653 	.db #0xf8	; 248
      00023F E8                     654 	.db #0xe8	; 232
      000240 38                     655 	.db #0x38	; 56	'8'
      000241 E8                     656 	.db #0xe8	; 232
      000242 78                     657 	.db #0x78	; 120	'x'
      000243 F8                     658 	.db #0xf8	; 248
      000244 88                     659 	.db #0x88	; 136
      000245 F8                     660 	.db #0xf8	; 248
      000246 98                     661 	.db #0x98	; 152
      000247 F8                     662 	.db #0xf8	; 248
      000248 F0                     663 	.db #0xf0	; 240
      000249 F0                     664 	.db #0xf0	; 240
      00024A                        665 _HeroRightAttack2Tile:
      00024A 00                     666 	.db #0x00	; 0
      00024B 00                     667 	.db #0x00	; 0
      00024C 0F                     668 	.db #0x0f	; 15
      00024D 0F                     669 	.db #0x0f	; 15
      00024E 3C                     670 	.db #0x3c	; 60
      00024F 3F                     671 	.db #0x3f	; 63
      000250 62                     672 	.db #0x62	; 98	'b'
      000251 7F                     673 	.db #0x7f	; 127
      000252 31                     674 	.db #0x31	; 49	'1'
      000253 3F                     675 	.db #0x3f	; 63
      000254 C9                     676 	.db #0xc9	; 201
      000255 FF                     677 	.db #0xff	; 255
      000256 47                     678 	.db #0x47	; 71	'G'
      000257 7E                     679 	.db #0x7e	; 126
      000258 27                     680 	.db #0x27	; 39
      000259 3D                     681 	.db #0x3d	; 61
      00025A 7F                     682 	.db #0x7f	; 127
      00025B 7E                     683 	.db #0x7e	; 126
      00025C 9F                     684 	.db #0x9f	; 159
      00025D F1                     685 	.db #0xf1	; 241
      00025E 5F                     686 	.db #0x5f	; 95
      00025F 70                     687 	.db #0x70	; 112	'p'
      000260 3F                     688 	.db #0x3f	; 63
      000261 3C                     689 	.db #0x3c	; 60
      000262 23                     690 	.db #0x23	; 35
      000263 3F                     691 	.db #0x3f	; 63
      000264 5F                     692 	.db #0x5f	; 95
      000265 7F                     693 	.db #0x7f	; 127
      000266 81                     694 	.db #0x81	; 129
      000267 FF                     695 	.db #0xff	; 255
      000268 7F                     696 	.db #0x7f	; 127
      000269 7F                     697 	.db #0x7f	; 127
      00026A 00                     698 	.db #0x00	; 0
      00026B 00                     699 	.db #0x00	; 0
      00026C C0                     700 	.db #0xc0	; 192
      00026D C0                     701 	.db #0xc0	; 192
      00026E B0                     702 	.db #0xb0	; 176
      00026F F0                     703 	.db #0xf0	; 240
      000270 50                     704 	.db #0x50	; 80	'P'
      000271 F0                     705 	.db #0xf0	; 240
      000272 30                     706 	.db #0x30	; 48	'0'
      000273 F0                     707 	.db #0xf0	; 240
      000274 E0                     708 	.db #0xe0	; 224
      000275 E0                     709 	.db #0xe0	; 224
      000276 E0                     710 	.db #0xe0	; 224
      000277 20                     711 	.db #0x20	; 32
      000278 E0                     712 	.db #0xe0	; 224
      000279 A0                     713 	.db #0xa0	; 160
      00027A E0                     714 	.db #0xe0	; 224
      00027B A0                     715 	.db #0xa0	; 160
      00027C F8                     716 	.db #0xf8	; 248
      00027D F8                     717 	.db #0xf8	; 248
      00027E D8                     718 	.db #0xd8	; 216
      00027F 20                     719 	.db #0x20	; 32
      000280 D8                     720 	.db #0xd8	; 216
      000281 20                     721 	.db #0x20	; 32
      000282 F8                     722 	.db #0xf8	; 248
      000283 F8                     723 	.db #0xf8	; 248
      000284 90                     724 	.db #0x90	; 144
      000285 F0                     725 	.db #0xf0	; 240
      000286 88                     726 	.db #0x88	; 136
      000287 F8                     727 	.db #0xf8	; 248
      000288 F8                     728 	.db #0xf8	; 248
      000289 F8                     729 	.db #0xf8	; 248
      00028A                        730 _HeroDownAttack1Tile:
      00028A 1F                     731 	.db #0x1f	; 31
      00028B 1F                     732 	.db #0x1f	; 31
      00028C 64                     733 	.db #0x64	; 100	'd'
      00028D 7F                     734 	.db #0x7f	; 127
      00028E A4                     735 	.db #0xa4	; 164
      00028F FF                     736 	.db #0xff	; 255
      000290 52                     737 	.db #0x52	; 82	'R'
      000291 7F                     738 	.db #0x7f	; 127
      000292 CF                     739 	.db #0xcf	; 207
      000293 FF                     740 	.db #0xff	; 255
      000294 BF                     741 	.db #0xbf	; 191
      000295 F8                     742 	.db #0xf8	; 248
      000296 4F                     743 	.db #0x4f	; 79	'O'
      000297 7F                     744 	.db #0x7f	; 127
      000298 7F                     745 	.db #0x7f	; 127
      000299 7A                     746 	.db #0x7a	; 122	'z'
      00029A E7                     747 	.db #0xe7	; 231
      00029B A4                     748 	.db #0xa4	; 164
      00029C FF                     749 	.db #0xff	; 255
      00029D BF                     750 	.db #0xbf	; 191
      00029E F1                     751 	.db #0xf1	; 241
      00029F 9F                     752 	.db #0x9f	; 159
      0002A0 64                     753 	.db #0x64	; 100	'd'
      0002A1 7F                     754 	.db #0x7f	; 127
      0002A2 1F                     755 	.db #0x1f	; 31
      0002A3 1F                     756 	.db #0x1f	; 31
      0002A4 19                     757 	.db #0x19	; 25
      0002A5 1F                     758 	.db #0x1f	; 31
      0002A6 0F                     759 	.db #0x0f	; 15
      0002A7 0F                     760 	.db #0x0f	; 15
      0002A8 01                     761 	.db #0x01	; 1
      0002A9 01                     762 	.db #0x01	; 1
      0002AA E0                     763 	.db #0xe0	; 224
      0002AB E0                     764 	.db #0xe0	; 224
      0002AC 30                     765 	.db #0x30	; 48	'0'
      0002AD F0                     766 	.db #0xf0	; 240
      0002AE 48                     767 	.db #0x48	; 72	'H'
      0002AF F8                     768 	.db #0xf8	; 248
      0002B0 4C                     769 	.db #0x4c	; 76	'L'
      0002B1 FC                     770 	.db #0xfc	; 252
      0002B2 72                     771 	.db #0x72	; 114	'r'
      0002B3 FE                     772 	.db #0xfe	; 254
      0002B4 F4                     773 	.db #0xf4	; 244
      0002B5 9C                     774 	.db #0x9c	; 156
      0002B6 F8                     775 	.db #0xf8	; 248
      0002B7 78                     776 	.db #0x78	; 120	'x'
      0002B8 F0                     777 	.db #0xf0	; 240
      0002B9 50                     778 	.db #0x50	; 80	'P'
      0002BA E0                     779 	.db #0xe0	; 224
      0002BB 20                     780 	.db #0x20	; 32
      0002BC FE                     781 	.db #0xfe	; 254
      0002BD FE                     782 	.db #0xfe	; 254
      0002BE 91                     783 	.db #0x91	; 145
      0002BF FF                     784 	.db #0xff	; 255
      0002C0 22                     785 	.db #0x22	; 34
      0002C1 FE                     786 	.db #0xfe	; 254
      0002C2 F7                     787 	.db #0xf7	; 247
      0002C3 FD                     788 	.db #0xfd	; 253
      0002C4 3A                     789 	.db #0x3a	; 58
      0002C5 FA                     790 	.db #0xfa	; 250
      0002C6 30                     791 	.db #0x30	; 48	'0'
      0002C7 F0                     792 	.db #0xf0	; 240
      0002C8 F8                     793 	.db #0xf8	; 248
      0002C9 F8                     794 	.db #0xf8	; 248
      0002CA                        795 _HeroDownAttack2Tile:
      0002CA 00                     796 	.db #0x00	; 0
      0002CB 00                     797 	.db #0x00	; 0
      0002CC 1F                     798 	.db #0x1f	; 31
      0002CD 1F                     799 	.db #0x1f	; 31
      0002CE 64                     800 	.db #0x64	; 100	'd'
      0002CF 7F                     801 	.db #0x7f	; 127
      0002D0 A4                     802 	.db #0xa4	; 164
      0002D1 FF                     803 	.db #0xff	; 255
      0002D2 52                     804 	.db #0x52	; 82	'R'
      0002D3 7F                     805 	.db #0x7f	; 127
      0002D4 CF                     806 	.db #0xcf	; 207
      0002D5 FF                     807 	.db #0xff	; 255
      0002D6 BF                     808 	.db #0xbf	; 191
      0002D7 F8                     809 	.db #0xf8	; 248
      0002D8 4F                     810 	.db #0x4f	; 79	'O'
      0002D9 7F                     811 	.db #0x7f	; 127
      0002DA 3F                     812 	.db #0x3f	; 63
      0002DB 3A                     813 	.db #0x3a	; 58
      0002DC 07                     814 	.db #0x07	; 7
      0002DD 04                     815 	.db #0x04	; 4
      0002DE 7F                     816 	.db #0x7f	; 127
      0002DF 7F                     817 	.db #0x7f	; 127
      0002E0 54                     818 	.db #0x54	; 84	'T'
      0002E1 6F                     819 	.db #0x6f	; 111	'o'
      0002E2 3B                     820 	.db #0x3b	; 59
      0002E3 27                     821 	.db #0x27	; 39
      0002E4 17                     822 	.db #0x17	; 23
      0002E5 19                     823 	.db #0x19	; 25
      0002E6 0F                     824 	.db #0x0f	; 15
      0002E7 09                     825 	.db #0x09	; 9
      0002E8 07                     826 	.db #0x07	; 7
      0002E9 07                     827 	.db #0x07	; 7
      0002EA 00                     828 	.db #0x00	; 0
      0002EB 00                     829 	.db #0x00	; 0
      0002EC E0                     830 	.db #0xe0	; 224
      0002ED E0                     831 	.db #0xe0	; 224
      0002EE 30                     832 	.db #0x30	; 48	'0'
      0002EF F0                     833 	.db #0xf0	; 240
      0002F0 48                     834 	.db #0x48	; 72	'H'
      0002F1 F8                     835 	.db #0xf8	; 248
      0002F2 4C                     836 	.db #0x4c	; 76	'L'
      0002F3 FC                     837 	.db #0xfc	; 252
      0002F4 72                     838 	.db #0x72	; 114	'r'
      0002F5 FE                     839 	.db #0xfe	; 254
      0002F6 F4                     840 	.db #0xf4	; 244
      0002F7 9C                     841 	.db #0x9c	; 156
      0002F8 F8                     842 	.db #0xf8	; 248
      0002F9 78                     843 	.db #0x78	; 120	'x'
      0002FA F0                     844 	.db #0xf0	; 240
      0002FB 50                     845 	.db #0x50	; 80	'P'
      0002FC E0                     846 	.db #0xe0	; 224
      0002FD 20                     847 	.db #0x20	; 32
      0002FE FE                     848 	.db #0xfe	; 254
      0002FF FE                     849 	.db #0xfe	; 254
      000300 91                     850 	.db #0x91	; 145
      000301 FF                     851 	.db #0xff	; 255
      000302 E2                     852 	.db #0xe2	; 226
      000303 FE                     853 	.db #0xfe	; 254
      000304 97                     854 	.db #0x97	; 151
      000305 FD                     855 	.db #0xfd	; 253
      000306 3A                     856 	.db #0x3a	; 58
      000307 FA                     857 	.db #0xfa	; 250
      000308 F0                     858 	.db #0xf0	; 240
      000309 F0                     859 	.db #0xf0	; 240
      00030A                        860 _HeroUpTile:
      00030A 07                     861 	.db #0x07	; 7
      00030B 07                     862 	.db #0x07	; 7
      00030C 08                     863 	.db #0x08	; 8
      00030D 0F                     864 	.db #0x0f	; 15
      00030E 14                     865 	.db #0x14	; 20
      00030F 1F                     866 	.db #0x1f	; 31
      000310 32                     867 	.db #0x32	; 50	'2'
      000311 3F                     868 	.db #0x3f	; 63
      000312 49                     869 	.db #0x49	; 73	'I'
      000313 7F                     870 	.db #0x7f	; 127
      000314 25                     871 	.db #0x25	; 37
      000315 3F                     872 	.db #0x3f	; 63
      000316 14                     873 	.db #0x14	; 20
      000317 1F                     874 	.db #0x1f	; 31
      000318 0F                     875 	.db #0x0f	; 15
      000319 0B                     876 	.db #0x0b	; 11
      00031A 07                     877 	.db #0x07	; 7
      00031B 04                     878 	.db #0x04	; 4
      00031C 7F                     879 	.db #0x7f	; 127
      00031D 7F                     880 	.db #0x7f	; 127
      00031E 89                     881 	.db #0x89	; 137
      00031F FF                     882 	.db #0xff	; 255
      000320 44                     883 	.db #0x44	; 68	'D'
      000321 7F                     884 	.db #0x7f	; 127
      000322 EF                     885 	.db #0xef	; 239
      000323 BF                     886 	.db #0xbf	; 191
      000324 5C                     887 	.db #0x5c	; 92
      000325 5F                     888 	.db #0x5f	; 95
      000326 0C                     889 	.db #0x0c	; 12
      000327 0F                     890 	.db #0x0f	; 15
      000328 1F                     891 	.db #0x1f	; 31
      000329 1F                     892 	.db #0x1f	; 31
      00032A F8                     893 	.db #0xf8	; 248
      00032B F8                     894 	.db #0xf8	; 248
      00032C 96                     895 	.db #0x96	; 150
      00032D FE                     896 	.db #0xfe	; 254
      00032E 89                     897 	.db #0x89	; 137
      00032F FF                     898 	.db #0xff	; 255
      000330 4A                     899 	.db #0x4a	; 74	'J'
      000331 FE                     900 	.db #0xfe	; 254
      000332 65                     901 	.db #0x65	; 101	'e'
      000333 FF                     902 	.db #0xff	; 255
      000334 25                     903 	.db #0x25	; 37
      000335 FF                     904 	.db #0xff	; 255
      000336 92                     905 	.db #0x92	; 146
      000337 FE                     906 	.db #0xfe	; 254
      000338 FC                     907 	.db #0xfc	; 252
      000339 DC                     908 	.db #0xdc	; 220
      00033A E0                     909 	.db #0xe0	; 224
      00033B 20                     910 	.db #0x20	; 32
      00033C FE                     911 	.db #0xfe	; 254
      00033D FE                     912 	.db #0xfe	; 254
      00033E 97                     913 	.db #0x97	; 151
      00033F FF                     914 	.db #0xff	; 255
      000340 2F                     915 	.db #0x2f	; 47
      000341 F9                     916 	.db #0xf9	; 249
      000342 FF                     917 	.db #0xff	; 255
      000343 F9                     918 	.db #0xf9	; 249
      000344 96                     919 	.db #0x96	; 150
      000345 F6                     920 	.db #0xf6	; 246
      000346 F0                     921 	.db #0xf0	; 240
      000347 F0                     922 	.db #0xf0	; 240
      000348 80                     923 	.db #0x80	; 128
      000349 80                     924 	.db #0x80	; 128
      00034A                        925 _HeroUpWalkTile:
      00034A 07                     926 	.db #0x07	; 7
      00034B 07                     927 	.db #0x07	; 7
      00034C 08                     928 	.db #0x08	; 8
      00034D 0F                     929 	.db #0x0f	; 15
      00034E 14                     930 	.db #0x14	; 20
      00034F 1F                     931 	.db #0x1f	; 31
      000350 32                     932 	.db #0x32	; 50	'2'
      000351 3F                     933 	.db #0x3f	; 63
      000352 49                     934 	.db #0x49	; 73	'I'
      000353 7F                     935 	.db #0x7f	; 127
      000354 25                     936 	.db #0x25	; 37
      000355 3F                     937 	.db #0x3f	; 63
      000356 14                     938 	.db #0x14	; 20
      000357 1F                     939 	.db #0x1f	; 31
      000358 0F                     940 	.db #0x0f	; 15
      000359 0B                     941 	.db #0x0b	; 11
      00035A 07                     942 	.db #0x07	; 7
      00035B 04                     943 	.db #0x04	; 4
      00035C 7F                     944 	.db #0x7f	; 127
      00035D 7F                     945 	.db #0x7f	; 127
      00035E E9                     946 	.db #0xe9	; 233
      00035F FF                     947 	.db #0xff	; 255
      000360 F4                     948 	.db #0xf4	; 244
      000361 9F                     949 	.db #0x9f	; 159
      000362 FF                     950 	.db #0xff	; 255
      000363 9F                     951 	.db #0x9f	; 159
      000364 6C                     952 	.db #0x6c	; 108	'l'
      000365 6F                     953 	.db #0x6f	; 111	'o'
      000366 07                     954 	.db #0x07	; 7
      000367 07                     955 	.db #0x07	; 7
      000368 00                     956 	.db #0x00	; 0
      000369 00                     957 	.db #0x00	; 0
      00036A F8                     958 	.db #0xf8	; 248
      00036B F8                     959 	.db #0xf8	; 248
      00036C 96                     960 	.db #0x96	; 150
      00036D FE                     961 	.db #0xfe	; 254
      00036E 89                     962 	.db #0x89	; 137
      00036F FF                     963 	.db #0xff	; 255
      000370 4A                     964 	.db #0x4a	; 74	'J'
      000371 FE                     965 	.db #0xfe	; 254
      000372 65                     966 	.db #0x65	; 101	'e'
      000373 FF                     967 	.db #0xff	; 255
      000374 25                     968 	.db #0x25	; 37
      000375 FF                     969 	.db #0xff	; 255
      000376 92                     970 	.db #0x92	; 146
      000377 FE                     971 	.db #0xfe	; 254
      000378 FC                     972 	.db #0xfc	; 252
      000379 DC                     973 	.db #0xdc	; 220
      00037A E0                     974 	.db #0xe0	; 224
      00037B 20                     975 	.db #0x20	; 32
      00037C FE                     976 	.db #0xfe	; 254
      00037D FE                     977 	.db #0xfe	; 254
      00037E 91                     978 	.db #0x91	; 145
      00037F FF                     979 	.db #0xff	; 255
      000380 22                     980 	.db #0x22	; 34
      000381 FE                     981 	.db #0xfe	; 254
      000382 F7                     982 	.db #0xf7	; 247
      000383 FD                     983 	.db #0xfd	; 253
      000384 9A                     984 	.db #0x9a	; 154
      000385 FA                     985 	.db #0xfa	; 250
      000386 90                     986 	.db #0x90	; 144
      000387 F0                     987 	.db #0xf0	; 240
      000388 F8                     988 	.db #0xf8	; 248
      000389 F8                     989 	.db #0xf8	; 248
      00038A                        990 _HeroUpAttack1Tile:
      00038A 07                     991 	.db #0x07	; 7
      00038B 07                     992 	.db #0x07	; 7
      00038C 08                     993 	.db #0x08	; 8
      00038D 0F                     994 	.db #0x0f	; 15
      00038E 14                     995 	.db #0x14	; 20
      00038F 1F                     996 	.db #0x1f	; 31
      000390 32                     997 	.db #0x32	; 50	'2'
      000391 3F                     998 	.db #0x3f	; 63
      000392 49                     999 	.db #0x49	; 73	'I'
      000393 7F                    1000 	.db #0x7f	; 127
      000394 25                    1001 	.db #0x25	; 37
      000395 3F                    1002 	.db #0x3f	; 63
      000396 14                    1003 	.db #0x14	; 20
      000397 1F                    1004 	.db #0x1f	; 31
      000398 0F                    1005 	.db #0x0f	; 15
      000399 0B                    1006 	.db #0x0b	; 11
      00039A 07                    1007 	.db #0x07	; 7
      00039B 04                    1008 	.db #0x04	; 4
      00039C 7F                    1009 	.db #0x7f	; 127
      00039D 7F                    1010 	.db #0x7f	; 127
      00039E 89                    1011 	.db #0x89	; 137
      00039F FF                    1012 	.db #0xff	; 255
      0003A0 44                    1013 	.db #0x44	; 68	'D'
      0003A1 7F                    1014 	.db #0x7f	; 127
      0003A2 EF                    1015 	.db #0xef	; 239
      0003A3 BF                    1016 	.db #0xbf	; 191
      0003A4 5C                    1017 	.db #0x5c	; 92
      0003A5 5F                    1018 	.db #0x5f	; 95
      0003A6 0C                    1019 	.db #0x0c	; 12
      0003A7 0F                    1020 	.db #0x0f	; 15
      0003A8 1F                    1021 	.db #0x1f	; 31
      0003A9 1F                    1022 	.db #0x1f	; 31
      0003AA F8                    1023 	.db #0xf8	; 248
      0003AB F8                    1024 	.db #0xf8	; 248
      0003AC 96                    1025 	.db #0x96	; 150
      0003AD FE                    1026 	.db #0xfe	; 254
      0003AE 89                    1027 	.db #0x89	; 137
      0003AF FF                    1028 	.db #0xff	; 255
      0003B0 4A                    1029 	.db #0x4a	; 74	'J'
      0003B1 FE                    1030 	.db #0xfe	; 254
      0003B2 65                    1031 	.db #0x65	; 101	'e'
      0003B3 FF                    1032 	.db #0xff	; 255
      0003B4 25                    1033 	.db #0x25	; 37
      0003B5 FF                    1034 	.db #0xff	; 255
      0003B6 92                    1035 	.db #0x92	; 146
      0003B7 FE                    1036 	.db #0xfe	; 254
      0003B8 FC                    1037 	.db #0xfc	; 252
      0003B9 DC                    1038 	.db #0xdc	; 220
      0003BA E0                    1039 	.db #0xe0	; 224
      0003BB 20                    1040 	.db #0x20	; 32
      0003BC FE                    1041 	.db #0xfe	; 254
      0003BD FE                    1042 	.db #0xfe	; 254
      0003BE 97                    1043 	.db #0x97	; 151
      0003BF FF                    1044 	.db #0xff	; 255
      0003C0 2F                    1045 	.db #0x2f	; 47
      0003C1 F9                    1046 	.db #0xf9	; 249
      0003C2 FF                    1047 	.db #0xff	; 255
      0003C3 F9                    1048 	.db #0xf9	; 249
      0003C4 96                    1049 	.db #0x96	; 150
      0003C5 F6                    1050 	.db #0xf6	; 246
      0003C6 F0                    1051 	.db #0xf0	; 240
      0003C7 F0                    1052 	.db #0xf0	; 240
      0003C8 80                    1053 	.db #0x80	; 128
      0003C9 80                    1054 	.db #0x80	; 128
      0003CA                       1055 _HeroUpAttack2Tile:
      0003CA 07                    1056 	.db #0x07	; 7
      0003CB 07                    1057 	.db #0x07	; 7
      0003CC 08                    1058 	.db #0x08	; 8
      0003CD 0F                    1059 	.db #0x0f	; 15
      0003CE 14                    1060 	.db #0x14	; 20
      0003CF 1F                    1061 	.db #0x1f	; 31
      0003D0 32                    1062 	.db #0x32	; 50	'2'
      0003D1 3F                    1063 	.db #0x3f	; 63
      0003D2 49                    1064 	.db #0x49	; 73	'I'
      0003D3 7F                    1065 	.db #0x7f	; 127
      0003D4 25                    1066 	.db #0x25	; 37
      0003D5 3F                    1067 	.db #0x3f	; 63
      0003D6 14                    1068 	.db #0x14	; 20
      0003D7 1F                    1069 	.db #0x1f	; 31
      0003D8 0F                    1070 	.db #0x0f	; 15
      0003D9 0B                    1071 	.db #0x0b	; 11
      0003DA 07                    1072 	.db #0x07	; 7
      0003DB 04                    1073 	.db #0x04	; 4
      0003DC 7F                    1074 	.db #0x7f	; 127
      0003DD 7F                    1075 	.db #0x7f	; 127
      0003DE 89                    1076 	.db #0x89	; 137
      0003DF FF                    1077 	.db #0xff	; 255
      0003E0 44                    1078 	.db #0x44	; 68	'D'
      0003E1 7F                    1079 	.db #0x7f	; 127
      0003E2 EF                    1080 	.db #0xef	; 239
      0003E3 BF                    1081 	.db #0xbf	; 191
      0003E4 5C                    1082 	.db #0x5c	; 92
      0003E5 5F                    1083 	.db #0x5f	; 95
      0003E6 0C                    1084 	.db #0x0c	; 12
      0003E7 0F                    1085 	.db #0x0f	; 15
      0003E8 1F                    1086 	.db #0x1f	; 31
      0003E9 1F                    1087 	.db #0x1f	; 31
      0003EA F8                    1088 	.db #0xf8	; 248
      0003EB F8                    1089 	.db #0xf8	; 248
      0003EC 96                    1090 	.db #0x96	; 150
      0003ED FE                    1091 	.db #0xfe	; 254
      0003EE 89                    1092 	.db #0x89	; 137
      0003EF FF                    1093 	.db #0xff	; 255
      0003F0 4A                    1094 	.db #0x4a	; 74	'J'
      0003F1 FE                    1095 	.db #0xfe	; 254
      0003F2 65                    1096 	.db #0x65	; 101	'e'
      0003F3 FF                    1097 	.db #0xff	; 255
      0003F4 25                    1098 	.db #0x25	; 37
      0003F5 FF                    1099 	.db #0xff	; 255
      0003F6 92                    1100 	.db #0x92	; 146
      0003F7 FE                    1101 	.db #0xfe	; 254
      0003F8 FC                    1102 	.db #0xfc	; 252
      0003F9 DC                    1103 	.db #0xdc	; 220
      0003FA E0                    1104 	.db #0xe0	; 224
      0003FB 20                    1105 	.db #0x20	; 32
      0003FC FC                    1106 	.db #0xfc	; 252
      0003FD FC                    1107 	.db #0xfc	; 252
      0003FE 92                    1108 	.db #0x92	; 146
      0003FF FE                    1109 	.db #0xfe	; 254
      000400 2C                    1110 	.db #0x2c	; 44
      000401 FC                    1111 	.db #0xfc	; 252
      000402 F8                    1112 	.db #0xf8	; 248
      000403 F8                    1113 	.db #0xf8	; 248
      000404 90                    1114 	.db #0x90	; 144
      000405 F0                    1115 	.db #0xf0	; 240
      000406 F0                    1116 	.db #0xf0	; 240
      000407 F0                    1117 	.db #0xf0	; 240
      000408 80                    1118 	.db #0x80	; 128
      000409 80                    1119 	.db #0x80	; 128
      00040A                       1120 _HeroBlinkTile:
      00040A 00                    1121 	.db #0x00	; 0
      00040B 00                    1122 	.db #0x00	; 0
      00040C 00                    1123 	.db #0x00	; 0
      00040D 00                    1124 	.db #0x00	; 0
      00040E 00                    1125 	.db #0x00	; 0
      00040F 00                    1126 	.db #0x00	; 0
      000410 00                    1127 	.db #0x00	; 0
      000411 00                    1128 	.db #0x00	; 0
      000412 00                    1129 	.db #0x00	; 0
      000413 00                    1130 	.db #0x00	; 0
      000414 00                    1131 	.db #0x00	; 0
      000415 00                    1132 	.db #0x00	; 0
      000416 00                    1133 	.db #0x00	; 0
      000417 00                    1134 	.db #0x00	; 0
      000418 00                    1135 	.db #0x00	; 0
      000419 00                    1136 	.db #0x00	; 0
      00041A 00                    1137 	.db #0x00	; 0
      00041B 00                    1138 	.db #0x00	; 0
      00041C 00                    1139 	.db #0x00	; 0
      00041D 00                    1140 	.db #0x00	; 0
      00041E 00                    1141 	.db #0x00	; 0
      00041F 00                    1142 	.db #0x00	; 0
      000420 00                    1143 	.db #0x00	; 0
      000421 00                    1144 	.db #0x00	; 0
      000422 00                    1145 	.db #0x00	; 0
      000423 00                    1146 	.db #0x00	; 0
      000424 00                    1147 	.db #0x00	; 0
      000425 00                    1148 	.db #0x00	; 0
      000426 00                    1149 	.db #0x00	; 0
      000427 00                    1150 	.db #0x00	; 0
      000428 00                    1151 	.db #0x00	; 0
      000429 00                    1152 	.db #0x00	; 0
      00042A 00                    1153 	.db #0x00	; 0
      00042B 00                    1154 	.db #0x00	; 0
      00042C 00                    1155 	.db #0x00	; 0
      00042D 00                    1156 	.db #0x00	; 0
      00042E 00                    1157 	.db #0x00	; 0
      00042F 00                    1158 	.db #0x00	; 0
      000430 00                    1159 	.db #0x00	; 0
      000431 00                    1160 	.db #0x00	; 0
      000432 00                    1161 	.db #0x00	; 0
      000433 00                    1162 	.db #0x00	; 0
      000434 00                    1163 	.db #0x00	; 0
      000435 00                    1164 	.db #0x00	; 0
      000436 00                    1165 	.db #0x00	; 0
      000437 00                    1166 	.db #0x00	; 0
      000438 00                    1167 	.db #0x00	; 0
      000439 00                    1168 	.db #0x00	; 0
      00043A 00                    1169 	.db #0x00	; 0
      00043B 00                    1170 	.db #0x00	; 0
      00043C 00                    1171 	.db #0x00	; 0
      00043D 00                    1172 	.db #0x00	; 0
      00043E 00                    1173 	.db #0x00	; 0
      00043F 00                    1174 	.db #0x00	; 0
      000440 00                    1175 	.db #0x00	; 0
      000441 00                    1176 	.db #0x00	; 0
      000442 00                    1177 	.db #0x00	; 0
      000443 00                    1178 	.db #0x00	; 0
      000444 00                    1179 	.db #0x00	; 0
      000445 00                    1180 	.db #0x00	; 0
      000446 00                    1181 	.db #0x00	; 0
      000447 00                    1182 	.db #0x00	; 0
      000448 00                    1183 	.db #0x00	; 0
      000449 00                    1184 	.db #0x00	; 0
      00044A                       1185 _SwordRightUpTile:
      00044A 00                    1186 	.db #0x00	; 0
      00044B 00                    1187 	.db #0x00	; 0
      00044C 00                    1188 	.db #0x00	; 0
      00044D 00                    1189 	.db #0x00	; 0
      00044E 00                    1190 	.db #0x00	; 0
      00044F 00                    1191 	.db #0x00	; 0
      000450 00                    1192 	.db #0x00	; 0
      000451 00                    1193 	.db #0x00	; 0
      000452 00                    1194 	.db #0x00	; 0
      000453 00                    1195 	.db #0x00	; 0
      000454 00                    1196 	.db #0x00	; 0
      000455 00                    1197 	.db #0x00	; 0
      000456 01                    1198 	.db #0x01	; 1
      000457 01                    1199 	.db #0x01	; 1
      000458 03                    1200 	.db #0x03	; 3
      000459 02                    1201 	.db #0x02	; 2
      00045A 07                    1202 	.db #0x07	; 7
      00045B 04                    1203 	.db #0x04	; 4
      00045C 0E                    1204 	.db #0x0e	; 14
      00045D 09                    1205 	.db #0x09	; 9
      00045E 5D                    1206 	.db #0x5d	; 93
      00045F 53                    1207 	.db #0x53	; 83	'S'
      000460 BA                    1208 	.db #0xba	; 186
      000461 E6                    1209 	.db #0xe6	; 230
      000462 B4                    1210 	.db #0xb4	; 180
      000463 EC                    1211 	.db #0xec	; 236
      000464 58                    1212 	.db #0x58	; 88	'X'
      000465 78                    1213 	.db #0x78	; 120	'x'
      000466 A4                    1214 	.db #0xa4	; 164
      000467 FC                    1215 	.db #0xfc	; 252
      000468 D8                    1216 	.db #0xd8	; 216
      000469 D8                    1217 	.db #0xd8	; 216
      00046A 00                    1218 	.db #0x00	; 0
      00046B 00                    1219 	.db #0x00	; 0
      00046C 00                    1220 	.db #0x00	; 0
      00046D 00                    1221 	.db #0x00	; 0
      00046E 1C                    1222 	.db #0x1c	; 28
      00046F 1C                    1223 	.db #0x1c	; 28
      000470 34                    1224 	.db #0x34	; 52	'4'
      000471 2C                    1225 	.db #0x2c	; 44
      000472 74                    1226 	.db #0x74	; 116	't'
      000473 4C                    1227 	.db #0x4c	; 76	'L'
      000474 E8                    1228 	.db #0xe8	; 232
      000475 98                    1229 	.db #0x98	; 152
      000476 D0                    1230 	.db #0xd0	; 208
      000477 30                    1231 	.db #0x30	; 48	'0'
      000478 A0                    1232 	.db #0xa0	; 160
      000479 60                    1233 	.db #0x60	; 96
      00047A 40                    1234 	.db #0x40	; 64
      00047B C0                    1235 	.db #0xc0	; 192
      00047C 80                    1236 	.db #0x80	; 128
      00047D 80                    1237 	.db #0x80	; 128
      00047E 00                    1238 	.db #0x00	; 0
      00047F 00                    1239 	.db #0x00	; 0
      000480 00                    1240 	.db #0x00	; 0
      000481 00                    1241 	.db #0x00	; 0
      000482 00                    1242 	.db #0x00	; 0
      000483 00                    1243 	.db #0x00	; 0
      000484 00                    1244 	.db #0x00	; 0
      000485 00                    1245 	.db #0x00	; 0
      000486 00                    1246 	.db #0x00	; 0
      000487 00                    1247 	.db #0x00	; 0
      000488 00                    1248 	.db #0x00	; 0
      000489 00                    1249 	.db #0x00	; 0
      00048A                       1250 _SwordLeftUpTile:
      00048A 00                    1251 	.db #0x00	; 0
      00048B 00                    1252 	.db #0x00	; 0
      00048C 00                    1253 	.db #0x00	; 0
      00048D 00                    1254 	.db #0x00	; 0
      00048E 38                    1255 	.db #0x38	; 56	'8'
      00048F 38                    1256 	.db #0x38	; 56	'8'
      000490 2C                    1257 	.db #0x2c	; 44
      000491 34                    1258 	.db #0x34	; 52	'4'
      000492 2E                    1259 	.db #0x2e	; 46
      000493 32                    1260 	.db #0x32	; 50	'2'
      000494 17                    1261 	.db #0x17	; 23
      000495 19                    1262 	.db #0x19	; 25
      000496 0B                    1263 	.db #0x0b	; 11
      000497 0C                    1264 	.db #0x0c	; 12
      000498 05                    1265 	.db #0x05	; 5
      000499 06                    1266 	.db #0x06	; 6
      00049A 02                    1267 	.db #0x02	; 2
      00049B 03                    1268 	.db #0x03	; 3
      00049C 01                    1269 	.db #0x01	; 1
      00049D 01                    1270 	.db #0x01	; 1
      00049E 00                    1271 	.db #0x00	; 0
      00049F 00                    1272 	.db #0x00	; 0
      0004A0 00                    1273 	.db #0x00	; 0
      0004A1 00                    1274 	.db #0x00	; 0
      0004A2 00                    1275 	.db #0x00	; 0
      0004A3 00                    1276 	.db #0x00	; 0
      0004A4 00                    1277 	.db #0x00	; 0
      0004A5 00                    1278 	.db #0x00	; 0
      0004A6 00                    1279 	.db #0x00	; 0
      0004A7 00                    1280 	.db #0x00	; 0
      0004A8 00                    1281 	.db #0x00	; 0
      0004A9 00                    1282 	.db #0x00	; 0
      0004AA 00                    1283 	.db #0x00	; 0
      0004AB 00                    1284 	.db #0x00	; 0
      0004AC 00                    1285 	.db #0x00	; 0
      0004AD 00                    1286 	.db #0x00	; 0
      0004AE 00                    1287 	.db #0x00	; 0
      0004AF 00                    1288 	.db #0x00	; 0
      0004B0 00                    1289 	.db #0x00	; 0
      0004B1 00                    1290 	.db #0x00	; 0
      0004B2 00                    1291 	.db #0x00	; 0
      0004B3 00                    1292 	.db #0x00	; 0
      0004B4 00                    1293 	.db #0x00	; 0
      0004B5 00                    1294 	.db #0x00	; 0
      0004B6 80                    1295 	.db #0x80	; 128
      0004B7 80                    1296 	.db #0x80	; 128
      0004B8 C0                    1297 	.db #0xc0	; 192
      0004B9 40                    1298 	.db #0x40	; 64
      0004BA E0                    1299 	.db #0xe0	; 224
      0004BB 20                    1300 	.db #0x20	; 32
      0004BC 70                    1301 	.db #0x70	; 112	'p'
      0004BD 90                    1302 	.db #0x90	; 144
      0004BE BA                    1303 	.db #0xba	; 186
      0004BF CA                    1304 	.db #0xca	; 202
      0004C0 5D                    1305 	.db #0x5d	; 93
      0004C1 67                    1306 	.db #0x67	; 103	'g'
      0004C2 2D                    1307 	.db #0x2d	; 45
      0004C3 37                    1308 	.db #0x37	; 55	'7'
      0004C4 1A                    1309 	.db #0x1a	; 26
      0004C5 1E                    1310 	.db #0x1e	; 30
      0004C6 25                    1311 	.db #0x25	; 37
      0004C7 3F                    1312 	.db #0x3f	; 63
      0004C8 1B                    1313 	.db #0x1b	; 27
      0004C9 1B                    1314 	.db #0x1b	; 27
      0004CA                       1315 _SwordRightTile:
      0004CA 00                    1316 	.db #0x00	; 0
      0004CB 00                    1317 	.db #0x00	; 0
      0004CC 00                    1318 	.db #0x00	; 0
      0004CD 00                    1319 	.db #0x00	; 0
      0004CE 00                    1320 	.db #0x00	; 0
      0004CF 00                    1321 	.db #0x00	; 0
      0004D0 00                    1322 	.db #0x00	; 0
      0004D1 00                    1323 	.db #0x00	; 0
      0004D2 30                    1324 	.db #0x30	; 48	'0'
      0004D3 30                    1325 	.db #0x30	; 48	'0'
      0004D4 48                    1326 	.db #0x48	; 72	'H'
      0004D5 78                    1327 	.db #0x78	; 120	'x'
      0004D6 DF                    1328 	.db #0xdf	; 223
      0004D7 FF                    1329 	.db #0xff	; 255
      0004D8 20                    1330 	.db #0x20	; 32
      0004D9 FF                    1331 	.db #0xff	; 255
      0004DA 3F                    1332 	.db #0x3f	; 63
      0004DB E0                    1333 	.db #0xe0	; 224
      0004DC DF                    1334 	.db #0xdf	; 223
      0004DD FF                    1335 	.db #0xff	; 255
      0004DE 48                    1336 	.db #0x48	; 72	'H'
      0004DF 78                    1337 	.db #0x78	; 120	'x'
      0004E0 30                    1338 	.db #0x30	; 48	'0'
      0004E1 30                    1339 	.db #0x30	; 48	'0'
      0004E2 00                    1340 	.db #0x00	; 0
      0004E3 00                    1341 	.db #0x00	; 0
      0004E4 00                    1342 	.db #0x00	; 0
      0004E5 00                    1343 	.db #0x00	; 0
      0004E6 00                    1344 	.db #0x00	; 0
      0004E7 00                    1345 	.db #0x00	; 0
      0004E8 00                    1346 	.db #0x00	; 0
      0004E9 00                    1347 	.db #0x00	; 0
      0004EA 00                    1348 	.db #0x00	; 0
      0004EB 00                    1349 	.db #0x00	; 0
      0004EC 00                    1350 	.db #0x00	; 0
      0004ED 00                    1351 	.db #0x00	; 0
      0004EE 00                    1352 	.db #0x00	; 0
      0004EF 00                    1353 	.db #0x00	; 0
      0004F0 00                    1354 	.db #0x00	; 0
      0004F1 00                    1355 	.db #0x00	; 0
      0004F2 00                    1356 	.db #0x00	; 0
      0004F3 00                    1357 	.db #0x00	; 0
      0004F4 00                    1358 	.db #0x00	; 0
      0004F5 00                    1359 	.db #0x00	; 0
      0004F6 FE                    1360 	.db #0xfe	; 254
      0004F7 FE                    1361 	.db #0xfe	; 254
      0004F8 01                    1362 	.db #0x01	; 1
      0004F9 FF                    1363 	.db #0xff	; 255
      0004FA FF                    1364 	.db #0xff	; 255
      0004FB 01                    1365 	.db #0x01	; 1
      0004FC FE                    1366 	.db #0xfe	; 254
      0004FD FE                    1367 	.db #0xfe	; 254
      0004FE 00                    1368 	.db #0x00	; 0
      0004FF 00                    1369 	.db #0x00	; 0
      000500 00                    1370 	.db #0x00	; 0
      000501 00                    1371 	.db #0x00	; 0
      000502 00                    1372 	.db #0x00	; 0
      000503 00                    1373 	.db #0x00	; 0
      000504 00                    1374 	.db #0x00	; 0
      000505 00                    1375 	.db #0x00	; 0
      000506 00                    1376 	.db #0x00	; 0
      000507 00                    1377 	.db #0x00	; 0
      000508 00                    1378 	.db #0x00	; 0
      000509 00                    1379 	.db #0x00	; 0
      00050A                       1380 _SwordLeftTile:
      00050A 00                    1381 	.db #0x00	; 0
      00050B 00                    1382 	.db #0x00	; 0
      00050C 00                    1383 	.db #0x00	; 0
      00050D 00                    1384 	.db #0x00	; 0
      00050E 00                    1385 	.db #0x00	; 0
      00050F 00                    1386 	.db #0x00	; 0
      000510 00                    1387 	.db #0x00	; 0
      000511 00                    1388 	.db #0x00	; 0
      000512 00                    1389 	.db #0x00	; 0
      000513 00                    1390 	.db #0x00	; 0
      000514 00                    1391 	.db #0x00	; 0
      000515 00                    1392 	.db #0x00	; 0
      000516 7F                    1393 	.db #0x7f	; 127
      000517 7F                    1394 	.db #0x7f	; 127
      000518 80                    1395 	.db #0x80	; 128
      000519 FF                    1396 	.db #0xff	; 255
      00051A FF                    1397 	.db #0xff	; 255
      00051B 80                    1398 	.db #0x80	; 128
      00051C 7F                    1399 	.db #0x7f	; 127
      00051D 7F                    1400 	.db #0x7f	; 127
      00051E 00                    1401 	.db #0x00	; 0
      00051F 00                    1402 	.db #0x00	; 0
      000520 00                    1403 	.db #0x00	; 0
      000521 00                    1404 	.db #0x00	; 0
      000522 00                    1405 	.db #0x00	; 0
      000523 00                    1406 	.db #0x00	; 0
      000524 00                    1407 	.db #0x00	; 0
      000525 00                    1408 	.db #0x00	; 0
      000526 00                    1409 	.db #0x00	; 0
      000527 00                    1410 	.db #0x00	; 0
      000528 00                    1411 	.db #0x00	; 0
      000529 00                    1412 	.db #0x00	; 0
      00052A 00                    1413 	.db #0x00	; 0
      00052B 00                    1414 	.db #0x00	; 0
      00052C 00                    1415 	.db #0x00	; 0
      00052D 00                    1416 	.db #0x00	; 0
      00052E 00                    1417 	.db #0x00	; 0
      00052F 00                    1418 	.db #0x00	; 0
      000530 00                    1419 	.db #0x00	; 0
      000531 00                    1420 	.db #0x00	; 0
      000532 0C                    1421 	.db #0x0c	; 12
      000533 0C                    1422 	.db #0x0c	; 12
      000534 12                    1423 	.db #0x12	; 18
      000535 1E                    1424 	.db #0x1e	; 30
      000536 FB                    1425 	.db #0xfb	; 251
      000537 FF                    1426 	.db #0xff	; 255
      000538 04                    1427 	.db #0x04	; 4
      000539 FF                    1428 	.db #0xff	; 255
      00053A FC                    1429 	.db #0xfc	; 252
      00053B 07                    1430 	.db #0x07	; 7
      00053C FB                    1431 	.db #0xfb	; 251
      00053D FF                    1432 	.db #0xff	; 255
      00053E 12                    1433 	.db #0x12	; 18
      00053F 1E                    1434 	.db #0x1e	; 30
      000540 0C                    1435 	.db #0x0c	; 12
      000541 0C                    1436 	.db #0x0c	; 12
      000542 00                    1437 	.db #0x00	; 0
      000543 00                    1438 	.db #0x00	; 0
      000544 00                    1439 	.db #0x00	; 0
      000545 00                    1440 	.db #0x00	; 0
      000546 00                    1441 	.db #0x00	; 0
      000547 00                    1442 	.db #0x00	; 0
      000548 00                    1443 	.db #0x00	; 0
      000549 00                    1444 	.db #0x00	; 0
      00054A                       1445 _SwordUpTile:
      00054A 01                    1446 	.db #0x01	; 1
      00054B 01                    1447 	.db #0x01	; 1
      00054C 02                    1448 	.db #0x02	; 2
      00054D 03                    1449 	.db #0x03	; 3
      00054E 02                    1450 	.db #0x02	; 2
      00054F 03                    1451 	.db #0x03	; 3
      000550 02                    1452 	.db #0x02	; 2
      000551 03                    1453 	.db #0x03	; 3
      000552 02                    1454 	.db #0x02	; 2
      000553 03                    1455 	.db #0x03	; 3
      000554 02                    1456 	.db #0x02	; 2
      000555 03                    1457 	.db #0x03	; 3
      000556 02                    1458 	.db #0x02	; 2
      000557 03                    1459 	.db #0x03	; 3
      000558 02                    1460 	.db #0x02	; 2
      000559 03                    1461 	.db #0x03	; 3
      00055A 02                    1462 	.db #0x02	; 2
      00055B 03                    1463 	.db #0x03	; 3
      00055C 02                    1464 	.db #0x02	; 2
      00055D 03                    1465 	.db #0x03	; 3
      00055E 02                    1466 	.db #0x02	; 2
      00055F 03                    1467 	.db #0x03	; 3
      000560 06                    1468 	.db #0x06	; 6
      000561 07                    1469 	.db #0x07	; 7
      000562 0A                    1470 	.db #0x0a	; 10
      000563 0F                    1471 	.db #0x0f	; 15
      000564 09                    1472 	.db #0x09	; 9
      000565 0F                    1473 	.db #0x0f	; 15
      000566 06                    1474 	.db #0x06	; 6
      000567 07                    1475 	.db #0x07	; 7
      000568 02                    1476 	.db #0x02	; 2
      000569 03                    1477 	.db #0x03	; 3
      00056A 80                    1478 	.db #0x80	; 128
      00056B 80                    1479 	.db #0x80	; 128
      00056C C0                    1480 	.db #0xc0	; 192
      00056D 40                    1481 	.db #0x40	; 64
      00056E C0                    1482 	.db #0xc0	; 192
      00056F 40                    1483 	.db #0x40	; 64
      000570 C0                    1484 	.db #0xc0	; 192
      000571 40                    1485 	.db #0x40	; 64
      000572 C0                    1486 	.db #0xc0	; 192
      000573 40                    1487 	.db #0x40	; 64
      000574 C0                    1488 	.db #0xc0	; 192
      000575 40                    1489 	.db #0x40	; 64
      000576 C0                    1490 	.db #0xc0	; 192
      000577 40                    1491 	.db #0x40	; 64
      000578 C0                    1492 	.db #0xc0	; 192
      000579 40                    1493 	.db #0x40	; 64
      00057A C0                    1494 	.db #0xc0	; 192
      00057B 40                    1495 	.db #0x40	; 64
      00057C C0                    1496 	.db #0xc0	; 192
      00057D 40                    1497 	.db #0x40	; 64
      00057E C0                    1498 	.db #0xc0	; 192
      00057F 40                    1499 	.db #0x40	; 64
      000580 E0                    1500 	.db #0xe0	; 224
      000581 60                    1501 	.db #0x60	; 96
      000582 D0                    1502 	.db #0xd0	; 208
      000583 70                    1503 	.db #0x70	; 112	'p'
      000584 90                    1504 	.db #0x90	; 144
      000585 F0                    1505 	.db #0xf0	; 240
      000586 60                    1506 	.db #0x60	; 96
      000587 E0                    1507 	.db #0xe0	; 224
      000588 40                    1508 	.db #0x40	; 64
      000589 C0                    1509 	.db #0xc0	; 192
      00058A                       1510 _SwordDownTile:
      00058A 02                    1511 	.db #0x02	; 2
      00058B 03                    1512 	.db #0x03	; 3
      00058C 06                    1513 	.db #0x06	; 6
      00058D 07                    1514 	.db #0x07	; 7
      00058E 09                    1515 	.db #0x09	; 9
      00058F 0F                    1516 	.db #0x0f	; 15
      000590 0A                    1517 	.db #0x0a	; 10
      000591 0F                    1518 	.db #0x0f	; 15
      000592 06                    1519 	.db #0x06	; 6
      000593 07                    1520 	.db #0x07	; 7
      000594 02                    1521 	.db #0x02	; 2
      000595 03                    1522 	.db #0x03	; 3
      000596 02                    1523 	.db #0x02	; 2
      000597 03                    1524 	.db #0x03	; 3
      000598 02                    1525 	.db #0x02	; 2
      000599 03                    1526 	.db #0x03	; 3
      00059A 02                    1527 	.db #0x02	; 2
      00059B 03                    1528 	.db #0x03	; 3
      00059C 02                    1529 	.db #0x02	; 2
      00059D 03                    1530 	.db #0x03	; 3
      00059E 02                    1531 	.db #0x02	; 2
      00059F 03                    1532 	.db #0x03	; 3
      0005A0 02                    1533 	.db #0x02	; 2
      0005A1 03                    1534 	.db #0x03	; 3
      0005A2 02                    1535 	.db #0x02	; 2
      0005A3 03                    1536 	.db #0x03	; 3
      0005A4 02                    1537 	.db #0x02	; 2
      0005A5 03                    1538 	.db #0x03	; 3
      0005A6 02                    1539 	.db #0x02	; 2
      0005A7 03                    1540 	.db #0x03	; 3
      0005A8 01                    1541 	.db #0x01	; 1
      0005A9 01                    1542 	.db #0x01	; 1
      0005AA 40                    1543 	.db #0x40	; 64
      0005AB C0                    1544 	.db #0xc0	; 192
      0005AC 60                    1545 	.db #0x60	; 96
      0005AD E0                    1546 	.db #0xe0	; 224
      0005AE 90                    1547 	.db #0x90	; 144
      0005AF F0                    1548 	.db #0xf0	; 240
      0005B0 D0                    1549 	.db #0xd0	; 208
      0005B1 70                    1550 	.db #0x70	; 112	'p'
      0005B2 E0                    1551 	.db #0xe0	; 224
      0005B3 60                    1552 	.db #0x60	; 96
      0005B4 C0                    1553 	.db #0xc0	; 192
      0005B5 40                    1554 	.db #0x40	; 64
      0005B6 C0                    1555 	.db #0xc0	; 192
      0005B7 40                    1556 	.db #0x40	; 64
      0005B8 C0                    1557 	.db #0xc0	; 192
      0005B9 40                    1558 	.db #0x40	; 64
      0005BA C0                    1559 	.db #0xc0	; 192
      0005BB 40                    1560 	.db #0x40	; 64
      0005BC C0                    1561 	.db #0xc0	; 192
      0005BD 40                    1562 	.db #0x40	; 64
      0005BE C0                    1563 	.db #0xc0	; 192
      0005BF 40                    1564 	.db #0x40	; 64
      0005C0 C0                    1565 	.db #0xc0	; 192
      0005C1 40                    1566 	.db #0x40	; 64
      0005C2 C0                    1567 	.db #0xc0	; 192
      0005C3 40                    1568 	.db #0x40	; 64
      0005C4 C0                    1569 	.db #0xc0	; 192
      0005C5 40                    1570 	.db #0x40	; 64
      0005C6 C0                    1571 	.db #0xc0	; 192
      0005C7 40                    1572 	.db #0x40	; 64
      0005C8 80                    1573 	.db #0x80	; 128
      0005C9 80                    1574 	.db #0x80	; 128
      0005CA                       1575 _SwordRightDownTile:
      0005CA D8                    1576 	.db #0xd8	; 216
      0005CB D8                    1577 	.db #0xd8	; 216
      0005CC A4                    1578 	.db #0xa4	; 164
      0005CD FC                    1579 	.db #0xfc	; 252
      0005CE 58                    1580 	.db #0x58	; 88	'X'
      0005CF 78                    1581 	.db #0x78	; 120	'x'
      0005D0 B4                    1582 	.db #0xb4	; 180
      0005D1 EC                    1583 	.db #0xec	; 236
      0005D2 BA                    1584 	.db #0xba	; 186
      0005D3 E6                    1585 	.db #0xe6	; 230
      0005D4 5D                    1586 	.db #0x5d	; 93
      0005D5 53                    1587 	.db #0x53	; 83	'S'
      0005D6 0E                    1588 	.db #0x0e	; 14
      0005D7 09                    1589 	.db #0x09	; 9
      0005D8 07                    1590 	.db #0x07	; 7
      0005D9 04                    1591 	.db #0x04	; 4
      0005DA 03                    1592 	.db #0x03	; 3
      0005DB 02                    1593 	.db #0x02	; 2
      0005DC 01                    1594 	.db #0x01	; 1
      0005DD 01                    1595 	.db #0x01	; 1
      0005DE 00                    1596 	.db #0x00	; 0
      0005DF 00                    1597 	.db #0x00	; 0
      0005E0 00                    1598 	.db #0x00	; 0
      0005E1 00                    1599 	.db #0x00	; 0
      0005E2 00                    1600 	.db #0x00	; 0
      0005E3 00                    1601 	.db #0x00	; 0
      0005E4 00                    1602 	.db #0x00	; 0
      0005E5 00                    1603 	.db #0x00	; 0
      0005E6 00                    1604 	.db #0x00	; 0
      0005E7 00                    1605 	.db #0x00	; 0
      0005E8 00                    1606 	.db #0x00	; 0
      0005E9 00                    1607 	.db #0x00	; 0
      0005EA 00                    1608 	.db #0x00	; 0
      0005EB 00                    1609 	.db #0x00	; 0
      0005EC 00                    1610 	.db #0x00	; 0
      0005ED 00                    1611 	.db #0x00	; 0
      0005EE 00                    1612 	.db #0x00	; 0
      0005EF 00                    1613 	.db #0x00	; 0
      0005F0 00                    1614 	.db #0x00	; 0
      0005F1 00                    1615 	.db #0x00	; 0
      0005F2 00                    1616 	.db #0x00	; 0
      0005F3 00                    1617 	.db #0x00	; 0
      0005F4 00                    1618 	.db #0x00	; 0
      0005F5 00                    1619 	.db #0x00	; 0
      0005F6 80                    1620 	.db #0x80	; 128
      0005F7 80                    1621 	.db #0x80	; 128
      0005F8 40                    1622 	.db #0x40	; 64
      0005F9 C0                    1623 	.db #0xc0	; 192
      0005FA A0                    1624 	.db #0xa0	; 160
      0005FB 60                    1625 	.db #0x60	; 96
      0005FC D0                    1626 	.db #0xd0	; 208
      0005FD 30                    1627 	.db #0x30	; 48	'0'
      0005FE E8                    1628 	.db #0xe8	; 232
      0005FF 98                    1629 	.db #0x98	; 152
      000600 74                    1630 	.db #0x74	; 116	't'
      000601 4C                    1631 	.db #0x4c	; 76	'L'
      000602 34                    1632 	.db #0x34	; 52	'4'
      000603 2C                    1633 	.db #0x2c	; 44
      000604 1C                    1634 	.db #0x1c	; 28
      000605 1C                    1635 	.db #0x1c	; 28
      000606 00                    1636 	.db #0x00	; 0
      000607 00                    1637 	.db #0x00	; 0
      000608 00                    1638 	.db #0x00	; 0
      000609 00                    1639 	.db #0x00	; 0
      00060A                       1640 _SwordLeftDownTile:
      00060A 00                    1641 	.db #0x00	; 0
      00060B 00                    1642 	.db #0x00	; 0
      00060C 00                    1643 	.db #0x00	; 0
      00060D 00                    1644 	.db #0x00	; 0
      00060E 00                    1645 	.db #0x00	; 0
      00060F 00                    1646 	.db #0x00	; 0
      000610 00                    1647 	.db #0x00	; 0
      000611 00                    1648 	.db #0x00	; 0
      000612 00                    1649 	.db #0x00	; 0
      000613 00                    1650 	.db #0x00	; 0
      000614 00                    1651 	.db #0x00	; 0
      000615 00                    1652 	.db #0x00	; 0
      000616 01                    1653 	.db #0x01	; 1
      000617 01                    1654 	.db #0x01	; 1
      000618 02                    1655 	.db #0x02	; 2
      000619 03                    1656 	.db #0x03	; 3
      00061A 05                    1657 	.db #0x05	; 5
      00061B 06                    1658 	.db #0x06	; 6
      00061C 0B                    1659 	.db #0x0b	; 11
      00061D 0C                    1660 	.db #0x0c	; 12
      00061E 17                    1661 	.db #0x17	; 23
      00061F 19                    1662 	.db #0x19	; 25
      000620 2E                    1663 	.db #0x2e	; 46
      000621 32                    1664 	.db #0x32	; 50	'2'
      000622 2C                    1665 	.db #0x2c	; 44
      000623 34                    1666 	.db #0x34	; 52	'4'
      000624 38                    1667 	.db #0x38	; 56	'8'
      000625 38                    1668 	.db #0x38	; 56	'8'
      000626 00                    1669 	.db #0x00	; 0
      000627 00                    1670 	.db #0x00	; 0
      000628 00                    1671 	.db #0x00	; 0
      000629 00                    1672 	.db #0x00	; 0
      00062A 1B                    1673 	.db #0x1b	; 27
      00062B 1B                    1674 	.db #0x1b	; 27
      00062C 25                    1675 	.db #0x25	; 37
      00062D 3F                    1676 	.db #0x3f	; 63
      00062E 1A                    1677 	.db #0x1a	; 26
      00062F 1E                    1678 	.db #0x1e	; 30
      000630 2D                    1679 	.db #0x2d	; 45
      000631 37                    1680 	.db #0x37	; 55	'7'
      000632 5D                    1681 	.db #0x5d	; 93
      000633 67                    1682 	.db #0x67	; 103	'g'
      000634 BA                    1683 	.db #0xba	; 186
      000635 CA                    1684 	.db #0xca	; 202
      000636 70                    1685 	.db #0x70	; 112	'p'
      000637 90                    1686 	.db #0x90	; 144
      000638 E0                    1687 	.db #0xe0	; 224
      000639 20                    1688 	.db #0x20	; 32
      00063A C0                    1689 	.db #0xc0	; 192
      00063B 40                    1690 	.db #0x40	; 64
      00063C 80                    1691 	.db #0x80	; 128
      00063D 80                    1692 	.db #0x80	; 128
      00063E 00                    1693 	.db #0x00	; 0
      00063F 00                    1694 	.db #0x00	; 0
      000640 00                    1695 	.db #0x00	; 0
      000641 00                    1696 	.db #0x00	; 0
      000642 00                    1697 	.db #0x00	; 0
      000643 00                    1698 	.db #0x00	; 0
      000644 00                    1699 	.db #0x00	; 0
      000645 00                    1700 	.db #0x00	; 0
      000646 00                    1701 	.db #0x00	; 0
      000647 00                    1702 	.db #0x00	; 0
      000648 00                    1703 	.db #0x00	; 0
      000649 00                    1704 	.db #0x00	; 0
                                   1705 	.area _INITIALIZER
                                   1706 	.area _CABS (ABS)
