                                      1 ;--------------------------------------------------------
                                      2 ; File Created by SDCC : free open source ISO C Compiler 
                                      3 ; Version 4.2.2 #13350 (MINGW64)
                                      4 ;--------------------------------------------------------
                                      5 	.module main
                                      6 	.optsdcc -msm83
                                      7 	
                                      8 ;--------------------------------------------------------
                                      9 ; Public variables in this module
                                     10 ;--------------------------------------------------------
                                     11 	.globl _main
                                     12 	.globl _DamageCheck
                                     13 	.globl _EyeExecInit
                                     14 	.globl _EyeExec
                                     15 	.globl _getBkgY
                                     16 	.globl _getBkgX
                                     17 	.globl _getSpriteX
                                     18 	.globl _getSpriteY
                                     19 	.globl _HeroExec
                                     20 	.globl _HeroExecInit
                                     21 	.globl _wait_vbl_done
                                     22 ;--------------------------------------------------------
                                     23 ; special function registers
                                     24 ;--------------------------------------------------------
                                     25 ;--------------------------------------------------------
                                     26 ; ram data
                                     27 ;--------------------------------------------------------
                                     28 	.area _DATA
                                     29 ;--------------------------------------------------------
                                     30 ; ram data
                                     31 ;--------------------------------------------------------
                                     32 	.area _INITIALIZED
                                     33 ;--------------------------------------------------------
                                     34 ; absolute external ram data
                                     35 ;--------------------------------------------------------
                                     36 	.area _DABS (ABS)
                                     37 ;--------------------------------------------------------
                                     38 ; global & static initialisations
                                     39 ;--------------------------------------------------------
                                     40 	.area _HOME
                                     41 	.area _GSINIT
                                     42 	.area _GSFINAL
                                     43 	.area _GSINIT
                                     44 ;--------------------------------------------------------
                                     45 ; Home
                                     46 ;--------------------------------------------------------
                                     47 	.area _HOME
                                     48 	.area _HOME
                                     49 ;--------------------------------------------------------
                                     50 ; code
                                     51 ;--------------------------------------------------------
                                     52 	.area _CODE
                                     53 ;C:\Users\sva13\OneDrive\ドキュメント\会社\課題\gbdk\Project\gb-test\source\main.c:10: void main(void){
                                     54 ;	---------------------------------
                                     55 ; Function main
                                     56 ; ---------------------------------
      000000                         57 _main::
      000000 3B               [ 8]   58 	dec	sp
      000001 3B               [ 8]   59 	dec	sp
                                     60 ;C:\Users\sva13\OneDrive\ドキュメント\会社\課題\gbdk\Project\gb-test\source\main.c:11: DISPLAY_ON;
      000002 F0r00            [12]   61 	ldh	a, (_LCDC_REG + 0)
      000004 F6 80            [ 8]   62 	or	a, #0x80
      000006 E0r00            [12]   63 	ldh	(_LCDC_REG + 0), a
                                     64 ;C:\Users\sva13\OneDrive\ドキュメント\会社\課題\gbdk\Project\gb-test\source\main.c:12: SPRITES_8x16;
      000008 F0r00            [12]   65 	ldh	a, (_LCDC_REG + 0)
      00000A F6 04            [ 8]   66 	or	a, #0x04
      00000C E0r00            [12]   67 	ldh	(_LCDC_REG + 0), a
                                     68 ;C:\Users\sva13\OneDrive\ドキュメント\会社\課題\gbdk\Project\gb-test\source\main.c:16: HeroExecInit();
      00000E CDr00r00         [24]   69 	call	_HeroExecInit
                                     70 ;C:\Users\sva13\OneDrive\ドキュメント\会社\課題\gbdk\Project\gb-test\source\main.c:17: EyeExecInit();
      000011 CDr00r00         [24]   71 	call	_EyeExecInit
                                     72 ;C:\Users\sva13\OneDrive\ドキュメント\会社\課題\gbdk\Project\gb-test\source\main.c:18: doukutsuInit();
      000014 CDr00r00         [24]   73 	call	_doukutsuInit
                                     74 ;C:\Users\sva13\OneDrive\ドキュメント\会社\課題\gbdk\Project\gb-test\source\main.c:20: SHOW_SPRITES;
      000017 F0r00            [12]   75 	ldh	a, (_LCDC_REG + 0)
      000019 F6 02            [ 8]   76 	or	a, #0x02
      00001B E0r00            [12]   77 	ldh	(_LCDC_REG + 0), a
                                     78 ;C:\Users\sva13\OneDrive\ドキュメント\会社\課題\gbdk\Project\gb-test\source\main.c:21: SHOW_BKG;
      00001D F0r00            [12]   79 	ldh	a, (_LCDC_REG + 0)
      00001F F6 01            [ 8]   80 	or	a, #0x01
      000021 E0r00            [12]   81 	ldh	(_LCDC_REG + 0), a
                                     82 ;C:\Users\sva13\OneDrive\ドキュメント\会社\課題\gbdk\Project\gb-test\source\main.c:22: while(1){
      000023                         83 00104$:
                                     84 ;C:\Users\sva13\OneDrive\ドキュメント\会社\課題\gbdk\Project\gb-test\source\main.c:24: HeroExec();
      000023 CDr00r00         [24]   85 	call	_HeroExec
                                     86 ;C:\Users\sva13\OneDrive\ドキュメント\会社\課題\gbdk\Project\gb-test\source\main.c:25: EyeExec(getSpriteX(), getSpriteY(), getBkgX(), getBkgY());
      000026 CDr00r00         [24]   87 	call	_getBkgY
                                     88 ;	spillPairReg hl
                                     89 ;	spillPairReg hl
                                     90 ;	spillPairReg hl
                                     91 ;	spillPairReg hl
      000029 C5               [16]   92 	push	bc
      00002A CDr00r00         [24]   93 	call	_getBkgX
      00002D F8 02            [12]   94 	ldhl	sp,	#2
      00002F 79               [ 4]   95 	ld	a, c
      000030 22               [ 8]   96 	ld	(hl+), a
      000031 70               [ 8]   97 	ld	(hl), b
      000032 CDr00r00         [24]   98 	call	_getSpriteY
      000035 C5               [16]   99 	push	bc
      000036 CDr00r00         [24]  100 	call	_getSpriteX
      000039 59               [ 4]  101 	ld	e, c
      00003A 50               [ 4]  102 	ld	d, b
      00003B C1               [12]  103 	pop	bc
      00003C F8 02            [12]  104 	ldhl	sp,	#2
      00003E 2A               [ 8]  105 	ld	a, (hl+)
      00003F 66               [ 8]  106 	ld	h, (hl)
                                    107 ;	spillPairReg hl
                                    108 ;	spillPairReg hl
      000040 6F               [ 4]  109 	ld	l, a
                                    110 ;	spillPairReg hl
                                    111 ;	spillPairReg hl
      000041 E5               [16]  112 	push	hl
      000042 CDr00r00         [24]  113 	call	_EyeExec
                                    114 ;C:\Users\sva13\OneDrive\ドキュメント\会社\課題\gbdk\Project\gb-test\source\main.c:26: BOOLEAN damageFlag = DamageCheck(getSpriteX(), getSpriteY());
      000045 CDr00r00         [24]  115 	call	_getSpriteY
      000048 C5               [16]  116 	push	bc
      000049 CDr00r00         [24]  117 	call	_getSpriteX
      00004C 59               [ 4]  118 	ld	e, c
      00004D 50               [ 4]  119 	ld	d, b
      00004E C1               [12]  120 	pop	bc
      00004F CDr00r00         [24]  121 	call	_DamageCheck
                                    122 ;C:\Users\sva13\OneDrive\ドキュメント\会社\課題\gbdk\Project\gb-test\source\main.c:27: if(damageFlag == TRUE){
      000052 3D               [ 4]  123 	dec	a
      000053 20 03            [12]  124 	jr	NZ, 00102$
                                    125 ;C:\Users\sva13\OneDrive\ドキュメント\会社\課題\gbdk\Project\gb-test\source\main.c:28: StartBlink();
      000055 CDr00r00         [24]  126 	call	_StartBlink
      000058                        127 00102$:
                                    128 ;C:\Users\sva13\OneDrive\ドキュメント\会社\課題\gbdk\Project\gb-test\source\main.c:30: BlinkExec();
      000058 CDr00r00         [24]  129 	call	_BlinkExec
                                    130 ;C:\Users\sva13\OneDrive\ドキュメント\会社\課題\gbdk\Project\gb-test\source\main.c:31: wait_vbl_done();
      00005B CDr00r00         [24]  131 	call	_wait_vbl_done
      00005E 18 C3            [12]  132 	jr	00104$
                                    133 ;C:\Users\sva13\OneDrive\ドキュメント\会社\課題\gbdk\Project\gb-test\source\main.c:33: }
      000060 33               [ 8]  134 	inc	sp
      000061 33               [ 8]  135 	inc	sp
      000062 C9               [16]  136 	ret
                                    137 	.area _CODE
                                    138 	.area _INITIALIZER
                                    139 	.area _CABS (ABS)
